-------------------------------------------------------------------------------
Test set: Find schemes for your business - sorting schemes
-------------------------------------------------------------------------------
Tests run: 20, Failures: 2, Errors: 1, Skipped: 0, Time elapsed: 1091 s <<< FAILURE! -- in Find schemes for your business - sorting schemes
Find schemes for your business - check anchors.Confirm anchors on the INTERNSHIPS page -- Time elapsed: 8.566 s <<< FAILURE!
java.lang.AssertionError: anchors list should be the same expected:<[an education health and care (EHC) plan, Get career ideas and browse your training options, Benefits for your business, Cost, Your responsibilities, Find out more, read guidance on GOV.UK, the Internships Work lead for your region, Employing disabled people and people with health conditions, Support with employee health and disability service]> but was:<[an education health and care (EHC) plan, Get career ideas and browse your training options, Benefits for your business, Cost, Case studies, Your responsibilities, Find out more, read guidance on GOV.UK, the Internships Work lead for your region, Employing disabled people and people with health conditions, Support with employee health and disability service]>
	at org.junit.Assert.fail(Assert.java:89)
	at org.junit.Assert.failNotEquals(Assert.java:835)
	at org.junit.Assert.assertEquals(Assert.java:120)
	at sfa.das.StepDefinitions.confirmActualAnchors(StepDefinitions.java:1074)
	at sfa.das.StepDefinitions.compareAndClickAnchors(StepDefinitions.java:944)
	at sfa.das.StepDefinitions.confirmPageAnchorsLite(StepDefinitions.java:930)
	at sfa.das.StepDefinitions.allINTERNSHIPSAnchorsLinkToTheCorrectPages(StepDefinitions.java:735)
	at ✽.all INTERNSHIPS anchors link to the correct pages(classpath:features/sfa/das/anchors.feature:33)

Find schemes for your business - check filter.Confirm filter on the FIND_SCHEMES page -- Time elapsed: 831.8 s <<< ERROR!
org.openqa.selenium.ElementClickInterceptedException: 
element click intercepted: Element <input class="govuk-checkboxes__input" id="cost--free" name="FilterAspects" type="checkbox" value="cost--free"> is not clickable at point (460, 903). Other element would receive the click: <div id="scheme-filter-options" class="das-filter__body">...</div>
  (Session info: chrome=125.0.6422.78)
Build info: version: '4.17.0', revision: 'e52b1be057*'
System info: os.name: 'Windows 10', os.arch: 'amd64', os.version: '10.0', java.version: '22.0.1'
Driver info: org.openqa.selenium.chrome.ChromeDriver
Command: [3af23a5c9340cd2e5bf3268c4eabae53, clickElement {id=f.20F769A1FC06129F49738472A727F9B2.d.2D4D38290B478247F6B3CBF620703CCF.e.10636}]
Capabilities {acceptInsecureCerts: false, browserName: chrome, browserVersion: 125.0.6422.78, chrome: {chromedriverVersion: 125.0.6422.141 (4b1e8393712..., userDataDir: C:\Users\manoj\AppData\Loca...}, fedcm:accounts: true, goog:chromeOptions: {debuggerAddress: localhost:18423}, networkConnectionEnabled: false, pageLoadStrategy: normal, platformName: windows, proxy: Proxy(), se:cdp: ws://localhost:18423/devtoo..., se:cdpVersion: 125.0.6422.78, setWindowRect: true, strictFileInteractability: false, timeouts: {implicit: 0, pageLoad: 300000, script: 30000}, unhandledPromptBehavior: dismiss and notify, webauthn:extension:credBlob: true, webauthn:extension:largeBlob: true, webauthn:extension:minPinLength: true, webauthn:extension:prf: true, webauthn:virtualAuthenticators: true}
Element: [[ChromeDriver: chrome on windows (3af23a5c9340cd2e5bf3268c4eabae53)] -> id: cost--free]
Session ID: 3af23a5c9340cd2e5bf3268c4eabae53
	at java.base/jdk.internal.reflect.DirectConstructorHandleAccessor.newInstance(DirectConstructorHandleAccessor.java:62)
	at java.base/java.lang.reflect.Constructor.newInstanceWithCaller(Constructor.java:502)
	at java.base/java.lang.reflect.Constructor.newInstance(Constructor.java:486)
	at org.openqa.selenium.remote.codec.w3c.W3CHttpResponseCodec.createException(W3CHttpResponseCodec.java:185)
	at org.openqa.selenium.remote.codec.w3c.W3CHttpResponseCodec.decode(W3CHttpResponseCodec.java:134)
	at org.openqa.selenium.remote.codec.w3c.W3CHttpResponseCodec.decode(W3CHttpResponseCodec.java:51)
	at org.openqa.selenium.remote.HttpCommandExecutor.execute(HttpCommandExecutor.java:190)
	at org.openqa.selenium.remote.service.DriverCommandExecutor.invokeExecute(DriverCommandExecutor.java:216)
	at org.openqa.selenium.remote.service.DriverCommandExecutor.execute(DriverCommandExecutor.java:174)
	at org.openqa.selenium.remote.RemoteWebDriver.execute(RemoteWebDriver.java:519)
	at org.openqa.selenium.remote.RemoteWebElement.execute(RemoteWebElement.java:223)
	at org.openqa.selenium.remote.RemoteWebElement.click(RemoteWebElement.java:76)
	at sfa.das.StepDefinitions.checkboxCombo(StepDefinitions.java:1328)
	at sfa.das.StepDefinitions.filterReportsTheCorrectData(StepDefinitions.java:1270)
	at ✽.filter reports the correct data(classpath:features/sfa/das/filter.feature:5)

Find schemes for your business - check Home page anchors.Confirm  anchors on the HOME page #1 -- Time elapsed: 8.702 s <<< FAILURE!
java.lang.AssertionError: anchors list should be the same expected:<[Get career ideas and browse your training options, Find training and employment schemes, Get business finance and support, Guidance on employing people, Employ someone: step by step, Employer standards for careers education]> but was:<[Get career ideas and browse your training options, Find training and employment schemes, Get business finance and support, Guidance on employing people, Employ someone: step by step, Help to scale-up and grow your business, Learn how to sell your products or services overseas, The Intermediary Ambassador Network, Employer standards for careers education]>
	at org.junit.Assert.fail(Assert.java:89)
	at org.junit.Assert.failNotEquals(Assert.java:835)
	at org.junit.Assert.assertEquals(Assert.java:120)
	at sfa.das.StepDefinitions.confirmActualAnchors(StepDefinitions.java:1074)
	at sfa.das.StepDefinitions.compareAndClickAnchors(StepDefinitions.java:944)
	at sfa.das.StepDefinitions.confirmPageAnchorsLite(StepDefinitions.java:930)
	at sfa.das.StepDefinitions.allHOMEAnchorsLinkToTheCorrectPages(StepDefinitions.java:780)
	at ✽.all HOME anchors link to the correct pages(classpath:features/sfa/das/home.feature:6)

