<?xml version="1.0" encoding="UTF-8"?>
<testsuite xmlns:xsi="http://www.w3.org/2001/XMLSchema-instance" xsi:noNamespaceSchemaLocation="https://maven.apache.org/surefire/maven-surefire-plugin/xsd/surefire-test-report-3.0.xsd" version="3.0" name="sfa.das.TestRunner" time="54.398" tests="18" errors="0" skipped="0" failures="0">
  <properties>
[...]
</properties>
  <testcase name="Verify User is able to launch website" classname="Teach in Further Education - Check Home page anchors" time="5.191">
    <system-out><![CDATA[
@home
Scenario: Verify User is able to launch website &amp#27;[90m# features/sfa/das//home.feature:5&amp#27;[0m
&amp#27;[34m2024-09-26 21:20:57&amp#27;[0;39m &amp#27;[33m[main]&amp#27;[0;39m [&amp#27;[34mINFO&amp#27;[0;39m] &amp#27;[36mi.g.b.w.WebDriverManager&amp#27;[0;39m   Using chromedriver 129.0.6668.70 (resolved driver for Chrome 129)
&amp#27;[34m2024-09-26 21:20:57&amp#27;[0;39m &amp#27;[33m[main]&amp#27;[0;39m [&amp#27;[34mINFO&amp#27;[0;39m] &amp#27;[36mi.g.b.w.WebDriverManager&amp#27;[0;39m   Exporting webdriver.chrome.driver as C:\New projects\das-teach-in-further-education-acceptance-tests\browser\chromedriver\win64\129.0.6668.70\chromedriver.exe
  &amp#27;[32mGiven &amp#27;[0m&amp#27;[32mthe user navigates to the &amp#27;[0m&amp#27;[32m&amp#27;[1m"HOME"&amp#27;[0m&amp#27;[32m page&amp#27;[0m   &amp#27;[90m# sfa.das.steps.HomeSteps.theUserNavigatesToThePage(java.lang.String)&amp#27;[0m
  &amp#27;[32mThen &amp#27;[0m&amp#27;[32mUser should be redirected to Home Page&amp#27;[0m   &amp#27;[90m# sfa.das.steps.HomeSteps.userShouldBeRedirectedToHomePage()&amp#27;[0m
]]></system-out>
    <system-err><![CDATA[Sept 26, 2024 9:20:59 PM org.openqa.selenium.devtools.CdpVersionFinder findNearestMatch
WARNING: Unable to find CDP implementation matching 129
Sept 26, 2024 9:20:59 PM org.openqa.selenium.chromium.ChromiumDriver lambda$new$5
WARNING: Unable to find version of CDP to use for 129.0.6668.59. You may need to include a dependency on a specific version of the CDP using something similar to `org.seleniumhq.selenium:selenium-devtools-v86:4.17.0` where the version ("v86") matches the version of the chromium-based browser you're using and the version number of the artifact is the same as Selenium's.
]]></system-err>
  </testcase>
  <testcase name="Verify DFE Logo and FE logo in Header" classname="Teach in Further Education - Check Home page anchors" time="3.279">
    <system-out><![CDATA[
@home
Scenario: Verify DFE Logo and FE logo in Header      &amp#27;[90m# features/sfa/das//home.feature:10&amp#27;[0m
&amp#27;[34m2024-09-26 21:21:02&amp#27;[0;39m &amp#27;[33m[main]&amp#27;[0;39m [&amp#27;[34mINFO&amp#27;[0;39m] &amp#27;[36mi.g.b.w.WebDriverManager&amp#27;[0;39m   Using chromedriver 129.0.6668.70 (resolved driver for Chrome 129)
&amp#27;[34m2024-09-26 21:21:02&amp#27;[0;39m &amp#27;[33m[main]&amp#27;[0;39m [&amp#27;[34mINFO&amp#27;[0;39m] &amp#27;[36mi.g.b.w.WebDriverManager&amp#27;[0;39m   Exporting webdriver.chrome.driver as C:\New projects\das-teach-in-further-education-acceptance-tests\browser\chromedriver\win64\129.0.6668.70\chromedriver.exe
  &amp#27;[32mGiven &amp#27;[0m&amp#27;[32mthe user navigates to the &amp#27;[0m&amp#27;[32m&amp#27;[1m"HOME"&amp#27;[0m&amp#27;[32m page&amp#27;[0m        &amp#27;[90m# sfa.das.steps.HomeSteps.theUserNavigatesToThePage(java.lang.String)&amp#27;[0m
  &amp#27;[32mThen &amp#27;[0m&amp#27;[32mDFE and FE Logo should be displayed in header&amp#27;[0m &amp#27;[90m# sfa.das.steps.HomeSteps.DFEAndFeLogoShouldBeDisplayedInHeader()&amp#27;[0m
]]></system-out>
    <system-err><![CDATA[Sept 26, 2024 9:21:03 PM org.openqa.selenium.devtools.CdpVersionFinder findNearestMatch
WARNING: Unable to find CDP implementation matching 129
Sept 26, 2024 9:21:03 PM org.openqa.selenium.chromium.ChromiumDriver lambda$new$5
WARNING: Unable to find version of CDP to use for 129.0.6668.59. You may need to include a dependency on a specific version of the CDP using something similar to `org.seleniumhq.selenium:selenium-devtools-v86:4.17.0` where the version ("v86") matches the version of the chromium-based browser you're using and the version number of the artifact is the same as Selenium's.
]]></system-err>
  </testcase>
  <testcase name="Verify &apos;Is Teaching Right For Me?&apos; Menu on Home Page" classname="Teach in Further Education - Check Home page anchors" time="3.141">
    <system-out><![CDATA[
@home
Scenario: Verify 'Is Teaching Right For Me?' Menu on Home Page      &amp#27;[90m# features/sfa/das//home.feature:15&amp#27;[0m
&amp#27;[34m2024-09-26 21:21:05&amp#27;[0;39m &amp#27;[33m[main]&amp#27;[0;39m [&amp#27;[34mINFO&amp#27;[0;39m] &amp#27;[36mi.g.b.w.WebDriverManager&amp#27;[0;39m   Using chromedriver 129.0.6668.70 (resolved driver for Chrome 129)
&amp#27;[34m2024-09-26 21:21:05&amp#27;[0;39m &amp#27;[33m[main]&amp#27;[0;39m [&amp#27;[34mINFO&amp#27;[0;39m] &amp#27;[36mi.g.b.w.WebDriverManager&amp#27;[0;39m   Exporting webdriver.chrome.driver as C:\New projects\das-teach-in-further-education-acceptance-tests\browser\chromedriver\win64\129.0.6668.70\chromedriver.exe
  &amp#27;[32mGiven &amp#27;[0m&amp#27;[32mthe user navigates to the &amp#27;[0m&amp#27;[32m&amp#27;[1m"HOME"&amp#27;[0m&amp#27;[32m page&amp#27;[0m                       &amp#27;[90m# sfa.das.steps.HomeSteps.theUserNavigatesToThePage(java.lang.String)&amp#27;[0m
  &amp#27;[32mWhen &amp#27;[0m&amp#27;[32muser clicks on 'Is Teaching Right For Me?' Menu&amp#27;[0m              &amp#27;[90m# sfa.das.steps.HomeSteps.userClicksOnIsTeachingRightForMeMenu()&amp#27;[0m
  &amp#27;[32mThen &amp#27;[0m&amp#27;[32muser should be navigated to 'Is Teaching Right For Me?' Page&amp#27;[0m &amp#27;[90m# sfa.das.steps.HomeSteps.userShouldBeNavigatedToIsTeachingRightForMePage()&amp#27;[0m
]]></system-out>
    <system-err><![CDATA[Sept 26, 2024 9:21:06 PM org.openqa.selenium.devtools.CdpVersionFinder findNearestMatch
WARNING: Unable to find CDP implementation matching 129
Sept 26, 2024 9:21:06 PM org.openqa.selenium.chromium.ChromiumDriver lambda$new$5
WARNING: Unable to find version of CDP to use for 129.0.6668.59. You may need to include a dependency on a specific version of the CDP using something similar to `org.seleniumhq.selenium:selenium-devtools-v86:4.17.0` where the version ("v86") matches the version of the chromium-based browser you're using and the version number of the artifact is the same as Selenium's.
]]></system-err>
  </testcase>
  <testcase name="Verify &apos;Become a FE Teacher&apos; Menu on Home Page" classname="Teach in Further Education - Check Home page anchors" time="2.984">
    <system-out><![CDATA[
@home
Scenario: Verify 'Become a FE Teacher' Menu on Home Page      &amp#27;[90m# features/sfa/das//home.feature:21&amp#27;[0m
&amp#27;[34m2024-09-26 21:21:08&amp#27;[0;39m &amp#27;[33m[main]&amp#27;[0;39m [&amp#27;[34mINFO&amp#27;[0;39m] &amp#27;[36mi.g.b.w.WebDriverManager&amp#27;[0;39m   Using chromedriver 129.0.6668.70 (resolved driver for Chrome 129)
&amp#27;[34m2024-09-26 21:21:08&amp#27;[0;39m &amp#27;[33m[main]&amp#27;[0;39m [&amp#27;[34mINFO&amp#27;[0;39m] &amp#27;[36mi.g.b.w.WebDriverManager&amp#27;[0;39m   Exporting webdriver.chrome.driver as C:\New projects\das-teach-in-further-education-acceptance-tests\browser\chromedriver\win64\129.0.6668.70\chromedriver.exe
  &amp#27;[32mGiven &amp#27;[0m&amp#27;[32mthe user navigates to the &amp#27;[0m&amp#27;[32m&amp#27;[1m"HOME"&amp#27;[0m&amp#27;[32m page&amp#27;[0m                 &amp#27;[90m# sfa.das.steps.HomeSteps.theUserNavigatesToThePage(java.lang.String)&amp#27;[0m
  &amp#27;[32mWhen &amp#27;[0m&amp#27;[32muser clicks on 'Become a FE Teacher' Menu&amp#27;[0m              &amp#27;[90m# sfa.das.steps.HomeSteps.userClicksOnBecomeAFETeachersMenu()&amp#27;[0m
  &amp#27;[32mThen &amp#27;[0m&amp#27;[32muser should be navigated to 'Become a FE Teacher' Page&amp#27;[0m &amp#27;[90m# sfa.das.steps.HomeSteps.userShouldBeNavigatedToBecomeAFETeacherPage()&amp#27;[0m
]]></system-out>
    <system-err><![CDATA[Sept 26, 2024 9:21:09 PM org.openqa.selenium.devtools.CdpVersionFinder findNearestMatch
WARNING: Unable to find CDP implementation matching 129
Sept 26, 2024 9:21:09 PM org.openqa.selenium.chromium.ChromiumDriver lambda$new$5
WARNING: Unable to find version of CDP to use for 129.0.6668.59. You may need to include a dependency on a specific version of the CDP using something similar to `org.seleniumhq.selenium:selenium-devtools-v86:4.17.0` where the version ("v86") matches the version of the chromium-based browser you're using and the version number of the artifact is the same as Selenium's.
]]></system-err>
  </testcase>
  <testcase name="Verify &apos;Search for a teaching job&apos; Menu on Home Page" classname="Teach in Further Education - Check Home page anchors" time="2.753">
    <system-out><![CDATA[
@home
Scenario: Verify 'Search for a teaching job' Menu on Home Page      &amp#27;[90m# features/sfa/das//home.feature:27&amp#27;[0m
&amp#27;[34m2024-09-26 21:21:11&amp#27;[0;39m &amp#27;[33m[main]&amp#27;[0;39m [&amp#27;[34mINFO&amp#27;[0;39m] &amp#27;[36mi.g.b.w.WebDriverManager&amp#27;[0;39m   Using chromedriver 129.0.6668.70 (resolved driver for Chrome 129)
&amp#27;[34m2024-09-26 21:21:11&amp#27;[0;39m &amp#27;[33m[main]&amp#27;[0;39m [&amp#27;[34mINFO&amp#27;[0;39m] &amp#27;[36mi.g.b.w.WebDriverManager&amp#27;[0;39m   Exporting webdriver.chrome.driver as C:\New projects\das-teach-in-further-education-acceptance-tests\browser\chromedriver\win64\129.0.6668.70\chromedriver.exe
  &amp#27;[32mGiven &amp#27;[0m&amp#27;[32mthe user navigates to the &amp#27;[0m&amp#27;[32m&amp#27;[1m"HOME"&amp#27;[0m&amp#27;[32m page&amp#27;[0m                       &amp#27;[90m# sfa.das.steps.HomeSteps.theUserNavigatesToThePage(java.lang.String)&amp#27;[0m
  &amp#27;[32mWhen &amp#27;[0m&amp#27;[32muser clicks on 'Search for a teaching job' Menu&amp#27;[0m              &amp#27;[90m# sfa.das.steps.HomeSteps.userClicksOnSearchForATeachingJobMenu()&amp#27;[0m
  &amp#27;[32mThen &amp#27;[0m&amp#27;[32muser should be navigated to 'Search for a teaching job' Page&amp#27;[0m &amp#27;[90m# sfa.das.steps.HomeSteps.userShouldBeNavigatedTSearchForATeachingJobPage()&amp#27;[0m
]]></system-out>
    <system-err><![CDATA[Sept 26, 2024 9:21:12 PM org.openqa.selenium.devtools.CdpVersionFinder findNearestMatch
WARNING: Unable to find CDP implementation matching 129
Sept 26, 2024 9:21:12 PM org.openqa.selenium.chromium.ChromiumDriver lambda$new$5
WARNING: Unable to find version of CDP to use for 129.0.6668.59. You may need to include a dependency on a specific version of the CDP using something similar to `org.seleniumhq.selenium:selenium-devtools-v86:4.17.0` where the version ("v86") matches the version of the chromium-based browser you're using and the version number of the artifact is the same as Selenium's.
]]></system-err>
  </testcase>
  <testcase name="Verify &apos;Find Funding And Training&apos; Menu on Home Page" classname="Teach in Further Education - Check Home page anchors" time="2.403">
    <system-out><![CDATA[
@home
Scenario: Verify 'Find Funding And Training' Menu on Home Page      &amp#27;[90m# features/sfa/das//home.feature:33&amp#27;[0m
&amp#27;[34m2024-09-26 21:21:14&amp#27;[0;39m &amp#27;[33m[main]&amp#27;[0;39m [&amp#27;[34mINFO&amp#27;[0;39m] &amp#27;[36mi.g.b.w.WebDriverManager&amp#27;[0;39m   Using chromedriver 129.0.6668.70 (resolved driver for Chrome 129)
&amp#27;[34m2024-09-26 21:21:14&amp#27;[0;39m &amp#27;[33m[main]&amp#27;[0;39m [&amp#27;[34mINFO&amp#27;[0;39m] &amp#27;[36mi.g.b.w.WebDriverManager&amp#27;[0;39m   Exporting webdriver.chrome.driver as C:\New projects\das-teach-in-further-education-acceptance-tests\browser\chromedriver\win64\129.0.6668.70\chromedriver.exe
  &amp#27;[32mGiven &amp#27;[0m&amp#27;[32mthe user navigates to the &amp#27;[0m&amp#27;[32m&amp#27;[1m"HOME"&amp#27;[0m&amp#27;[32m page&amp#27;[0m                       &amp#27;[90m# sfa.das.steps.HomeSteps.theUserNavigatesToThePage(java.lang.String)&amp#27;[0m
  &amp#27;[32mWhen &amp#27;[0m&amp#27;[32muser clicks on 'Find Funding And Training' Menu&amp#27;[0m              &amp#27;[90m# sfa.das.steps.HomeSteps.userClicksOnFindFundingAndTrainingMenu()&amp#27;[0m
  &amp#27;[32mThen &amp#27;[0m&amp#27;[32muser should be navigated to 'Find Funding And Training' Page&amp#27;[0m &amp#27;[90m# sfa.das.steps.HomeSteps.userShouldBeNavigatedToFindFundingAndTrainingPage()&amp#27;[0m
]]></system-out>
    <system-err><![CDATA[Sept 26, 2024 9:21:15 PM org.openqa.selenium.devtools.CdpVersionFinder findNearestMatch
WARNING: Unable to find CDP implementation matching 129
Sept 26, 2024 9:21:15 PM org.openqa.selenium.chromium.ChromiumDriver lambda$new$5
WARNING: Unable to find version of CDP to use for 129.0.6668.59. You may need to include a dependency on a specific version of the CDP using something similar to `org.seleniumhq.selenium:selenium-devtools-v86:4.17.0` where the version ("v86") matches the version of the chromium-based browser you're using and the version number of the artifact is the same as Selenium's.
]]></system-err>
  </testcase>
  <testcase name="Verify &apos;Talk to an adviser&apos; Menu on Home Page" classname="Teach in Further Education - Check Home page anchors" time="2.379">
    <system-out><![CDATA[
@home
Scenario: Verify 'Talk to an adviser' Menu on Home Page      &amp#27;[90m# features/sfa/das//home.feature:39&amp#27;[0m
&amp#27;[34m2024-09-26 21:21:16&amp#27;[0;39m &amp#27;[33m[main]&amp#27;[0;39m [&amp#27;[34mINFO&amp#27;[0;39m] &amp#27;[36mi.g.b.w.WebDriverManager&amp#27;[0;39m   Using chromedriver 129.0.6668.70 (resolved driver for Chrome 129)
&amp#27;[34m2024-09-26 21:21:16&amp#27;[0;39m &amp#27;[33m[main]&amp#27;[0;39m [&amp#27;[34mINFO&amp#27;[0;39m] &amp#27;[36mi.g.b.w.WebDriverManager&amp#27;[0;39m   Exporting webdriver.chrome.driver as C:\New projects\das-teach-in-further-education-acceptance-tests\browser\chromedriver\win64\129.0.6668.70\chromedriver.exe
  &amp#27;[32mGiven &amp#27;[0m&amp#27;[32mthe user navigates to the &amp#27;[0m&amp#27;[32m&amp#27;[1m"HOME"&amp#27;[0m&amp#27;[32m page&amp#27;[0m                &amp#27;[90m# sfa.das.steps.HomeSteps.theUserNavigatesToThePage(java.lang.String)&amp#27;[0m
  &amp#27;[32mWhen &amp#27;[0m&amp#27;[32muser clicks on 'Talk to an adviser' Menu&amp#27;[0m              &amp#27;[90m# sfa.das.steps.HomeSteps.userClicksOnTalkToAnAdviserMenu()&amp#27;[0m
  &amp#27;[32mThen &amp#27;[0m&amp#27;[32muser should be navigated to 'Talk to an adviser' Page&amp#27;[0m &amp#27;[90m# sfa.das.steps.HomeSteps.userShouldBeNavigatedToTalkToAnAdviserPage()&amp#27;[0m
]]></system-out>
    <system-err><![CDATA[Sept 26, 2024 9:21:17 PM org.openqa.selenium.devtools.CdpVersionFinder findNearestMatch
WARNING: Unable to find CDP implementation matching 129
Sept 26, 2024 9:21:17 PM org.openqa.selenium.chromium.ChromiumDriver lambda$new$5
WARNING: Unable to find version of CDP to use for 129.0.6668.59. You may need to include a dependency on a specific version of the CDP using something similar to `org.seleniumhq.selenium:selenium-devtools-v86:4.17.0` where the version ("v86") matches the version of the chromium-based browser you're using and the version number of the artifact is the same as Selenium's.
]]></system-err>
  </testcase>
  <testcase name="Verify &apos;How To Prepare A Micro Teach&apos; Link on Home Page" classname="Teach in Further Education - Check Home page anchors" time="3.656">
    <system-out><![CDATA[
@home
Scenario: Verify 'How To Prepare A Micro Teach' Link on Home Page      &amp#27;[90m# features/sfa/das//home.feature:45&amp#27;[0m
&amp#27;[34m2024-09-26 21:21:19&amp#27;[0;39m &amp#27;[33m[main]&amp#27;[0;39m [&amp#27;[34mINFO&amp#27;[0;39m] &amp#27;[36mi.g.b.w.WebDriverManager&amp#27;[0;39m   Using chromedriver 129.0.6668.70 (resolved driver for Chrome 129)
&amp#27;[34m2024-09-26 21:21:19&amp#27;[0;39m &amp#27;[33m[main]&amp#27;[0;39m [&amp#27;[34mINFO&amp#27;[0;39m] &amp#27;[36mi.g.b.w.WebDriverManager&amp#27;[0;39m   Exporting webdriver.chrome.driver as C:\New projects\das-teach-in-further-education-acceptance-tests\browser\chromedriver\win64\129.0.6668.70\chromedriver.exe
  &amp#27;[32mGiven &amp#27;[0m&amp#27;[32mthe user navigates to the &amp#27;[0m&amp#27;[32m&amp#27;[1m"HOME"&amp#27;[0m&amp#27;[32m page&amp#27;[0m                          &amp#27;[90m# sfa.das.steps.HomeSteps.theUserNavigatesToThePage(java.lang.String)&amp#27;[0m
  &amp#27;[32mWhen &amp#27;[0m&amp#27;[32muser clicks on 'How To Prepare A Micro Teach' Link&amp#27;[0m              &amp#27;[90m# sfa.das.steps.HomeSteps.userClicksOnHowToPrepareAMicroTeachLink()&amp#27;[0m
  &amp#27;[32mThen &amp#27;[0m&amp#27;[32muser should be navigated to 'How To Prepare A Micro Teach' Page&amp#27;[0m &amp#27;[90m# sfa.das.steps.HomeSteps.userShouldBeNavigatedToHowToPrepareAMicroTeachLink()&amp#27;[0m
]]></system-out>
    <system-err><![CDATA[Sept 26, 2024 9:21:20 PM org.openqa.selenium.devtools.CdpVersionFinder findNearestMatch
WARNING: Unable to find CDP implementation matching 129
Sept 26, 2024 9:21:20 PM org.openqa.selenium.chromium.ChromiumDriver lambda$new$5
WARNING: Unable to find version of CDP to use for 129.0.6668.59. You may need to include a dependency on a specific version of the CDP using something similar to `org.seleniumhq.selenium:selenium-devtools-v86:4.17.0` where the version ("v86") matches the version of the chromium-based browser you're using and the version number of the artifact is the same as Selenium's.
]]></system-err>
  </testcase>
  <testcase name="Verify &apos;Find out more about your funding and training options&apos; Link on Home Page" classname="Teach in Further Education - Check Home page anchors" time="2.558">
    <system-out><![CDATA[
@home
Scenario: Verify 'Find out more about your funding and training options' Link on Home Page      &amp#27;[90m# features/sfa/das//home.feature:51&amp#27;[0m
&amp#27;[34m2024-09-26 21:21:22&amp#27;[0;39m &amp#27;[33m[main]&amp#27;[0;39m [&amp#27;[34mINFO&amp#27;[0;39m] &amp#27;[36mi.g.b.w.WebDriverManager&amp#27;[0;39m   Using chromedriver 129.0.6668.70 (resolved driver for Chrome 129)
&amp#27;[34m2024-09-26 21:21:22&amp#27;[0;39m &amp#27;[33m[main]&amp#27;[0;39m [&amp#27;[34mINFO&amp#27;[0;39m] &amp#27;[36mi.g.b.w.WebDriverManager&amp#27;[0;39m   Exporting webdriver.chrome.driver as C:\New projects\das-teach-in-further-education-acceptance-tests\browser\chromedriver\win64\129.0.6668.70\chromedriver.exe
  &amp#27;[32mGiven &amp#27;[0m&amp#27;[32mthe user navigates to the &amp#27;[0m&amp#27;[32m&amp#27;[1m"HOME"&amp#27;[0m&amp#27;[32m page&amp#27;[0m                                                   &amp#27;[90m# sfa.das.steps.HomeSteps.theUserNavigatesToThePage(java.lang.String)&amp#27;[0m
  &amp#27;[32mWhen &amp#27;[0m&amp#27;[32muser clicks on 'Find out more about your funding and training options' Link&amp#27;[0m              &amp#27;[90m# sfa.das.steps.HomeSteps.userClicksOnFindOutMoreAboutYourFundingAndTrainingOptionsLink()&amp#27;[0m
  &amp#27;[32mThen &amp#27;[0m&amp#27;[32muser should be navigated to 'Find out more about your funding and training options' Page&amp#27;[0m &amp#27;[90m# sfa.das.steps.HomeSteps.userShouldBeNavigatedToFindOutMoreAboutYourFundingAndTrainingOptionsLink()&amp#27;[0m
]]></system-out>
    <system-err><![CDATA[Sept 26, 2024 9:21:23 PM org.openqa.selenium.devtools.CdpVersionFinder findNearestMatch
WARNING: Unable to find CDP implementation matching 129
Sept 26, 2024 9:21:23 PM org.openqa.selenium.chromium.ChromiumDriver lambda$new$5
WARNING: Unable to find version of CDP to use for 129.0.6668.59. You may need to include a dependency on a specific version of the CDP using something similar to `org.seleniumhq.selenium:selenium-devtools-v86:4.17.0` where the version ("v86") matches the version of the chromium-based browser you're using and the version number of the artifact is the same as Selenium's.
]]></system-err>
  </testcase>
  <testcase name="Verify Contact Details on Home page" classname="Teach in Further Education - Check Home page anchors" time="2.221">
    <system-out><![CDATA[
@home
Scenario: Verify Contact Details on Home page                     &amp#27;[90m# features/sfa/das//home.feature:57&amp#27;[0m
&amp#27;[34m2024-09-26 21:21:25&amp#27;[0;39m &amp#27;[33m[main]&amp#27;[0;39m [&amp#27;[34mINFO&amp#27;[0;39m] &amp#27;[36mi.g.b.w.WebDriverManager&amp#27;[0;39m   Using chromedriver 129.0.6668.70 (resolved driver for Chrome 129)
&amp#27;[34m2024-09-26 21:21:25&amp#27;[0;39m &amp#27;[33m[main]&amp#27;[0;39m [&amp#27;[34mINFO&amp#27;[0;39m] &amp#27;[36mi.g.b.w.WebDriverManager&amp#27;[0;39m   Exporting webdriver.chrome.driver as C:\New projects\das-teach-in-further-education-acceptance-tests\browser\chromedriver\win64\129.0.6668.70\chromedriver.exe
  &amp#27;[32mGiven &amp#27;[0m&amp#27;[32mthe user navigates to the &amp#27;[0m&amp#27;[32m&amp#27;[1m"HOME"&amp#27;[0m&amp#27;[32m page&amp#27;[0m                     &amp#27;[90m# sfa.das.steps.HomeSteps.theUserNavigatesToThePage(java.lang.String)&amp#27;[0m
  &amp#27;[32mThen &amp#27;[0m&amp#27;[32mUser should be able to see Phone and Email contact details&amp#27;[0m &amp#27;[90m# sfa.das.steps.HomeSteps.validateContactDetails()&amp#27;[0m
]]></system-out>
    <system-err><![CDATA[Sept 26, 2024 9:21:26 PM org.openqa.selenium.devtools.CdpVersionFinder findNearestMatch
WARNING: Unable to find CDP implementation matching 129
Sept 26, 2024 9:21:26 PM org.openqa.selenium.chromium.ChromiumDriver lambda$new$5
WARNING: Unable to find version of CDP to use for 129.0.6668.59. You may need to include a dependency on a specific version of the CDP using something similar to `org.seleniumhq.selenium:selenium-devtools-v86:4.17.0` where the version ("v86") matches the version of the chromium-based browser you're using and the version number of the artifact is the same as Selenium's.
]]></system-err>
  </testcase>
  <testcase name="Verify Tile1 link on the Home page" classname="Teach in Further Education - Check Home page anchors" time="2.18">
    <system-out><![CDATA[
@home
Scenario: Verify Tile1 link on the Home page                                     &amp#27;[90m# features/sfa/das//home.feature:62&amp#27;[0m
&amp#27;[34m2024-09-26 21:21:27&amp#27;[0;39m &amp#27;[33m[main]&amp#27;[0;39m [&amp#27;[34mINFO&amp#27;[0;39m] &amp#27;[36mi.g.b.w.WebDriverManager&amp#27;[0;39m   Using chromedriver 129.0.6668.70 (resolved driver for Chrome 129)
&amp#27;[34m2024-09-26 21:21:27&amp#27;[0;39m &amp#27;[33m[main]&amp#27;[0;39m [&amp#27;[34mINFO&amp#27;[0;39m] &amp#27;[36mi.g.b.w.WebDriverManager&amp#27;[0;39m   Exporting webdriver.chrome.driver as C:\New projects\das-teach-in-further-education-acceptance-tests\browser\chromedriver\win64\129.0.6668.70\chromedriver.exe
  &amp#27;[32mGiven &amp#27;[0m&amp#27;[32mthe user navigates to the &amp#27;[0m&amp#27;[32m&amp#27;[1m"Become a further education (FE) teacher"&amp#27;[0m&amp#27;[32m page&amp#27;[0m &amp#27;[90m# sfa.das.steps.HomeSteps.theUserNavigatesToThePage(java.lang.String)&amp#27;[0m
  &amp#27;[32mThen &amp#27;[0m&amp#27;[32muser should be navigated to 'Become a further education FE teacher' page&amp#27;[0m  &amp#27;[90m# sfa.das.steps.HomeSteps.userShouldBeNavigatedToBecomeAFurtherEducationTeacherFETeacherPage()&amp#27;[0m
]]></system-out>
    <system-err><![CDATA[Sept 26, 2024 9:21:28 PM org.openqa.selenium.devtools.CdpVersionFinder findNearestMatch
WARNING: Unable to find CDP implementation matching 129
Sept 26, 2024 9:21:28 PM org.openqa.selenium.chromium.ChromiumDriver lambda$new$5
WARNING: Unable to find version of CDP to use for 129.0.6668.59. You may need to include a dependency on a specific version of the CDP using something similar to `org.seleniumhq.selenium:selenium-devtools-v86:4.17.0` where the version ("v86") matches the version of the chromium-based browser you're using and the version number of the artifact is the same as Selenium's.
]]></system-err>
  </testcase>
  <testcase name="Verify Tile2 link on the Home page" classname="Teach in Further Education - Check Home page anchors" time="2.532">
    <system-out><![CDATA[
@home
Scenario: Verify Tile2 link on the Home page                        &amp#27;[90m# features/sfa/das//home.feature:67&amp#27;[0m
&amp#27;[34m2024-09-26 21:21:29&amp#27;[0;39m &amp#27;[33m[main]&amp#27;[0;39m [&amp#27;[34mINFO&amp#27;[0;39m] &amp#27;[36mi.g.b.w.WebDriverManager&amp#27;[0;39m   Using chromedriver 129.0.6668.70 (resolved driver for Chrome 129)
&amp#27;[34m2024-09-26 21:21:29&amp#27;[0;39m &amp#27;[33m[main]&amp#27;[0;39m [&amp#27;[34mINFO&amp#27;[0;39m] &amp#27;[36mi.g.b.w.WebDriverManager&amp#27;[0;39m   Exporting webdriver.chrome.driver as C:\New projects\das-teach-in-further-education-acceptance-tests\browser\chromedriver\win64\129.0.6668.70\chromedriver.exe
  &amp#27;[32mGiven &amp#27;[0m&amp#27;[32mthe user navigates to the &amp#27;[0m&amp#27;[32m&amp#27;[1m"Is teaching right for me?"&amp#27;[0m&amp#27;[32m page&amp#27;[0m  &amp#27;[90m# sfa.das.steps.HomeSteps.theUserNavigatesToThePage(java.lang.String)&amp#27;[0m
  &amp#27;[32mThen &amp#27;[0m&amp#27;[32muser should be navigated to 'Is teaching right for me?' page&amp#27;[0m &amp#27;[90m# sfa.das.steps.HomeSteps.userShouldBeNavigatedToIsTeachingRightForMePages()&amp#27;[0m
]]></system-out>
    <system-err><![CDATA[Sept 26, 2024 9:21:30 PM org.openqa.selenium.devtools.CdpVersionFinder findNearestMatch
WARNING: Unable to find CDP implementation matching 129
Sept 26, 2024 9:21:30 PM org.openqa.selenium.chromium.ChromiumDriver lambda$new$5
WARNING: Unable to find version of CDP to use for 129.0.6668.59. You may need to include a dependency on a specific version of the CDP using something similar to `org.seleniumhq.selenium:selenium-devtools-v86:4.17.0` where the version ("v86") matches the version of the chromium-based browser you're using and the version number of the artifact is the same as Selenium's.
]]></system-err>
  </testcase>
  <testcase name="Verify Tile3 link on the Home page" classname="Teach in Further Education - Check Home page anchors" time="3.482">
    <system-out><![CDATA[
@home
Scenario: Verify Tile3 link on the Home page                          &amp#27;[90m# features/sfa/das//home.feature:72&amp#27;[0m
&amp#27;[34m2024-09-26 21:21:32&amp#27;[0;39m &amp#27;[33m[main]&amp#27;[0;39m [&amp#27;[34mINFO&amp#27;[0;39m] &amp#27;[36mi.g.b.w.WebDriverManager&amp#27;[0;39m   Using chromedriver 129.0.6668.70 (resolved driver for Chrome 129)
&amp#27;[34m2024-09-26 21:21:32&amp#27;[0;39m &amp#27;[33m[main]&amp#27;[0;39m [&amp#27;[34mINFO&amp#27;[0;39m] &amp#27;[36mi.g.b.w.WebDriverManager&amp#27;[0;39m   Exporting webdriver.chrome.driver as C:\New projects\das-teach-in-further-education-acceptance-tests\browser\chromedriver\win64\129.0.6668.70\chromedriver.exe
  &amp#27;[32mGiven &amp#27;[0m&amp#27;[32mthe user navigates to the &amp#27;[0m&amp#27;[32m&amp#27;[1m"Check if you can teach in FE"&amp#27;[0m&amp#27;[32m page&amp#27;[0m &amp#27;[90m# sfa.das.steps.HomeSteps.theUserNavigatesToThePage(java.lang.String)&amp#27;[0m
  &amp#27;[32mThen &amp#27;[0m&amp#27;[32muser should be navigated to CheckIfYouCanTeachInFE page&amp#27;[0m        &amp#27;[90m# sfa.das.steps.HomeSteps.userShouldBeNavigatedToCheckIfYouCanTeachInFEPages()&amp#27;[0m
]]></system-out>
    <system-err><![CDATA[Sept 26, 2024 9:21:33 PM org.openqa.selenium.devtools.CdpVersionFinder findNearestMatch
WARNING: Unable to find CDP implementation matching 129
Sept 26, 2024 9:21:33 PM org.openqa.selenium.chromium.ChromiumDriver lambda$new$5
WARNING: Unable to find version of CDP to use for 129.0.6668.59. You may need to include a dependency on a specific version of the CDP using something similar to `org.seleniumhq.selenium:selenium-devtools-v86:4.17.0` where the version ("v86") matches the version of the chromium-based browser you're using and the version number of the artifact is the same as Selenium's.
]]></system-err>
  </testcase>
  <testcase name="Verify Tile4 link on the Home page" classname="Teach in Further Education - Check Home page anchors" time="2.31">
    <system-out><![CDATA[
@home
Scenario: Verify Tile4 link on the Home page                        &amp#27;[90m# features/sfa/das//home.feature:77&amp#27;[0m
&amp#27;[34m2024-09-26 21:21:35&amp#27;[0;39m &amp#27;[33m[main]&amp#27;[0;39m [&amp#27;[34mINFO&amp#27;[0;39m] &amp#27;[36mi.g.b.w.WebDriverManager&amp#27;[0;39m   Using chromedriver 129.0.6668.70 (resolved driver for Chrome 129)
&amp#27;[34m2024-09-26 21:21:35&amp#27;[0;39m &amp#27;[33m[main]&amp#27;[0;39m [&amp#27;[34mINFO&amp#27;[0;39m] &amp#27;[36mi.g.b.w.WebDriverManager&amp#27;[0;39m   Exporting webdriver.chrome.driver as C:\New projects\das-teach-in-further-education-acceptance-tests\browser\chromedriver\win64\129.0.6668.70\chromedriver.exe
  &amp#27;[32mGiven &amp#27;[0m&amp#27;[32mthe user navigates to the &amp#27;[0m&amp#27;[32m&amp#27;[1m"Find funding and training"&amp#27;[0m&amp#27;[32m page&amp#27;[0m  &amp#27;[90m# sfa.das.steps.HomeSteps.theUserNavigatesToThePage(java.lang.String)&amp#27;[0m
  &amp#27;[32mThen &amp#27;[0m&amp#27;[32muser should be navigated to 'Find funding and training' page&amp#27;[0m &amp#27;[90m# sfa.das.steps.HomeSteps.userShouldBeNavigatedToFindFundingAndTrainingPages()&amp#27;[0m
]]></system-out>
    <system-err><![CDATA[Sept 26, 2024 9:21:36 PM org.openqa.selenium.devtools.CdpVersionFinder findNearestMatch
WARNING: Unable to find CDP implementation matching 129
Sept 26, 2024 9:21:36 PM org.openqa.selenium.chromium.ChromiumDriver lambda$new$5
WARNING: Unable to find version of CDP to use for 129.0.6668.59. You may need to include a dependency on a specific version of the CDP using something similar to `org.seleniumhq.selenium:selenium-devtools-v86:4.17.0` where the version ("v86") matches the version of the chromium-based browser you're using and the version number of the artifact is the same as Selenium's.
]]></system-err>
  </testcase>
  <testcase name="Verify Sign Up feature on Home Page" classname="Teach in Further Education - Check Home page anchors" time="3.012">
    <system-out><![CDATA[
@home
Scenario: Verify Sign Up feature on Home Page         &amp#27;[90m# features/sfa/das//home.feature:82&amp#27;[0m
&amp#27;[34m2024-09-26 21:21:37&amp#27;[0;39m &amp#27;[33m[main]&amp#27;[0;39m [&amp#27;[34mINFO&amp#27;[0;39m] &amp#27;[36mi.g.b.w.WebDriverManager&amp#27;[0;39m   Using chromedriver 129.0.6668.70 (resolved driver for Chrome 129)
&amp#27;[34m2024-09-26 21:21:37&amp#27;[0;39m &amp#27;[33m[main]&amp#27;[0;39m [&amp#27;[34mINFO&amp#27;[0;39m] &amp#27;[36mi.g.b.w.WebDriverManager&amp#27;[0;39m   Exporting webdriver.chrome.driver as C:\New projects\das-teach-in-further-education-acceptance-tests\browser\chromedriver\win64\129.0.6668.70\chromedriver.exe
  &amp#27;[32mGiven &amp#27;[0m&amp#27;[32mthe user navigates to the &amp#27;[0m&amp#27;[32m&amp#27;[1m"Home"&amp#27;[0m&amp#27;[32m page&amp#27;[0m         &amp#27;[90m# sfa.das.steps.HomeSteps.theUserNavigatesToThePage(java.lang.String)&amp#27;[0m
  &amp#27;[32mWhen &amp#27;[0m&amp#27;[32muser enters email id in email field&amp#27;[0m            &amp#27;[90m# sfa.das.steps.HomeSteps.userEntersEmailInEmailField()&amp#27;[0m
  &amp#27;[32mAnd &amp#27;[0m&amp#27;[32muser selects subject name in subjects drop down&amp#27;[0m &amp#27;[90m# sfa.das.steps.HomeSteps.userSelectsSubjectNameInSubjectDropDown()&amp#27;[0m
  &amp#27;[32mAnd &amp#27;[0m&amp#27;[32muser selects location in location drop down&amp#27;[0m     &amp#27;[90m# sfa.das.steps.HomeSteps.userSelectsLocationInLocationDropDown()&amp#27;[0m
  &amp#27;[32mThen &amp#27;[0m&amp#27;[32mUser should be able to submit the form&amp#27;[0m         &amp#27;[90m# sfa.das.steps.HomeSteps.user_should_be_able_to_submit_the_form()&amp#27;[0m
]]></system-out>
    <system-err><![CDATA[Sept 26, 2024 9:21:39 PM org.openqa.selenium.devtools.CdpVersionFinder findNearestMatch
WARNING: Unable to find CDP implementation matching 129
Sept 26, 2024 9:21:39 PM org.openqa.selenium.chromium.ChromiumDriver lambda$new$5
WARNING: Unable to find version of CDP to use for 129.0.6668.59. You may need to include a dependency on a specific version of the CDP using something similar to `org.seleniumhq.selenium:selenium-devtools-v86:4.17.0` where the version ("v86") matches the version of the chromium-based browser you're using and the version number of the artifact is the same as Selenium's.
]]></system-err>
  </testcase>
  <testcase name="Verify Cookies Policy Footer Link on Home Page" classname="Teach in Further Education - Check Home page anchors" time="2.287">
    <system-out><![CDATA[
@home
Scenario: Verify Cookies Policy Footer Link on Home Page &amp#27;[90m# features/sfa/das//home.feature:90&amp#27;[0m
&amp#27;[34m2024-09-26 21:21:40&amp#27;[0;39m &amp#27;[33m[main]&amp#27;[0;39m [&amp#27;[34mINFO&amp#27;[0;39m] &amp#27;[36mi.g.b.w.WebDriverManager&amp#27;[0;39m   Using chromedriver 129.0.6668.70 (resolved driver for Chrome 129)
&amp#27;[34m2024-09-26 21:21:40&amp#27;[0;39m &amp#27;[33m[main]&amp#27;[0;39m [&amp#27;[34mINFO&amp#27;[0;39m] &amp#27;[36mi.g.b.w.WebDriverManager&amp#27;[0;39m   Exporting webdriver.chrome.driver as C:\New projects\das-teach-in-further-education-acceptance-tests\browser\chromedriver\win64\129.0.6668.70\chromedriver.exe
  &amp#27;[32mGiven &amp#27;[0m&amp#27;[32mthe user navigates to the &amp#27;[0m&amp#27;[32m&amp#27;[1m"Home"&amp#27;[0m&amp#27;[32m page&amp#27;[0m            &amp#27;[90m# sfa.das.steps.HomeSteps.theUserNavigatesToThePage(java.lang.String)&amp#27;[0m
  &amp#27;[32mWhen &amp#27;[0m&amp#27;[32muser clicks on Cookies Policy Link&amp#27;[0m                &amp#27;[90m# sfa.das.steps.HomeSteps.user_clicks_on_cookies_policy_link()&amp#27;[0m
  &amp#27;[32mThen &amp#27;[0m&amp#27;[32muser should be navigated to Cookies Policy Page&amp#27;[0m   &amp#27;[90m# sfa.das.steps.HomeSteps.user_should_be_navigated_to_cookies_policy_page()&amp#27;[0m
]]></system-out>
    <system-err><![CDATA[Sept 26, 2024 9:21:42 PM org.openqa.selenium.devtools.CdpVersionFinder findNearestMatch
WARNING: Unable to find CDP implementation matching 129
Sept 26, 2024 9:21:42 PM org.openqa.selenium.chromium.ChromiumDriver lambda$new$5
WARNING: Unable to find version of CDP to use for 129.0.6668.59. You may need to include a dependency on a specific version of the CDP using something similar to `org.seleniumhq.selenium:selenium-devtools-v86:4.17.0` where the version ("v86") matches the version of the chromium-based browser you're using and the version number of the artifact is the same as Selenium's.
]]></system-err>
  </testcase>
  <testcase name="Verify Accessibility statement Footer Link on Home Page" classname="Teach in Further Education - Check Home page anchors" time="2.493">
    <system-out><![CDATA[
@home
Scenario: Verify Accessibility statement Footer Link on Home Page &amp#27;[90m# features/sfa/das//home.feature:96&amp#27;[0m
&amp#27;[34m2024-09-26 21:21:43&amp#27;[0;39m &amp#27;[33m[main]&amp#27;[0;39m [&amp#27;[34mINFO&amp#27;[0;39m] &amp#27;[36mi.g.b.w.WebDriverManager&amp#27;[0;39m   Using chromedriver 129.0.6668.70 (resolved driver for Chrome 129)
&amp#27;[34m2024-09-26 21:21:43&amp#27;[0;39m &amp#27;[33m[main]&amp#27;[0;39m [&amp#27;[34mINFO&amp#27;[0;39m] &amp#27;[36mi.g.b.w.WebDriverManager&amp#27;[0;39m   Exporting webdriver.chrome.driver as C:\New projects\das-teach-in-further-education-acceptance-tests\browser\chromedriver\win64\129.0.6668.70\chromedriver.exe
  &amp#27;[32mGiven &amp#27;[0m&amp#27;[32mthe user navigates to the &amp#27;[0m&amp#27;[32m&amp#27;[1m"Home"&amp#27;[0m&amp#27;[32m page&amp#27;[0m                     &amp#27;[90m# sfa.das.steps.HomeSteps.theUserNavigatesToThePage(java.lang.String)&amp#27;[0m
  &amp#27;[32mWhen &amp#27;[0m&amp#27;[32muser clicks on Accessibility statement Link&amp#27;[0m                &amp#27;[90m# sfa.das.steps.HomeSteps.user_clicks_on_accessibility_statement_link()&amp#27;[0m
  &amp#27;[32mThen &amp#27;[0m&amp#27;[32muser should be navigated to Accessibility statement Page&amp#27;[0m   &amp#27;[90m# sfa.das.steps.HomeSteps.user_should_be_navigated_to_accessibility_statement_page()&amp#27;[0m
]]></system-out>
    <system-err><![CDATA[Sept 26, 2024 9:21:44 PM org.openqa.selenium.devtools.CdpVersionFinder findNearestMatch
WARNING: Unable to find CDP implementation matching 129
Sept 26, 2024 9:21:44 PM org.openqa.selenium.chromium.ChromiumDriver lambda$new$5
WARNING: Unable to find version of CDP to use for 129.0.6668.59. You may need to include a dependency on a specific version of the CDP using something similar to `org.seleniumhq.selenium:selenium-devtools-v86:4.17.0` where the version ("v86") matches the version of the chromium-based browser you're using and the version number of the artifact is the same as Selenium's.
]]></system-err>
  </testcase>
  <testcase name="Verify Privacy Policy Footer Link on Home Page" classname="Teach in Further Education - Check Home page anchors" time="2.235">
    <system-out><![CDATA[
@home
Scenario: Verify Privacy Policy Footer Link on Home Page &amp#27;[90m# features/sfa/das//home.feature:102&amp#27;[0m
&amp#27;[34m2024-09-26 21:21:45&amp#27;[0;39m &amp#27;[33m[main]&amp#27;[0;39m [&amp#27;[34mINFO&amp#27;[0;39m] &amp#27;[36mi.g.b.w.WebDriverManager&amp#27;[0;39m   Using chromedriver 129.0.6668.70 (resolved driver for Chrome 129)
&amp#27;[34m2024-09-26 21:21:45&amp#27;[0;39m &amp#27;[33m[main]&amp#27;[0;39m [&amp#27;[34mINFO&amp#27;[0;39m] &amp#27;[36mi.g.b.w.WebDriverManager&amp#27;[0;39m   Exporting webdriver.chrome.driver as C:\New projects\das-teach-in-further-education-acceptance-tests\browser\chromedriver\win64\129.0.6668.70\chromedriver.exe
  &amp#27;[32mGiven &amp#27;[0m&amp#27;[32mthe user navigates to the &amp#27;[0m&amp#27;[32m&amp#27;[1m"Home"&amp#27;[0m&amp#27;[32m page&amp#27;[0m            &amp#27;[90m# sfa.das.steps.HomeSteps.theUserNavigatesToThePage(java.lang.String)&amp#27;[0m
  &amp#27;[32mWhen &amp#27;[0m&amp#27;[32muser clicks on Privacy Policy Link&amp#27;[0m                &amp#27;[90m# sfa.das.steps.HomeSteps.user_clicks_on_privacy_policy_link()&amp#27;[0m
  &amp#27;[32mThen &amp#27;[0m&amp#27;[32muser should be navigated to Privacy Policy Page&amp#27;[0m   &amp#27;[90m# sfa.das.steps.HomeSteps.user_should_be_navigated_to_privacy_policy_page()&amp#27;[0m
]]></system-out>
    <system-err><![CDATA[Sept 26, 2024 9:21:46 PM org.openqa.selenium.devtools.CdpVersionFinder findNearestMatch
WARNING: Unable to find CDP implementation matching 129
Sept 26, 2024 9:21:46 PM org.openqa.selenium.chromium.ChromiumDriver lambda$new$5
WARNING: Unable to find version of CDP to use for 129.0.6668.59. You may need to include a dependency on a specific version of the CDP using something similar to `org.seleniumhq.selenium:selenium-devtools-v86:4.17.0` where the version ("v86") matches the version of the chromium-based browser you're using and the version number of the artifact is the same as Selenium's.
]]></system-err>
  </testcase>
</testsuite>