<?xml version="1.0" encoding="UTF-8"?>
<testsuite xmlns:xsi="http://www.w3.org/2001/XMLSchema-instance" xsi:noNamespaceSchemaLocation="https://maven.apache.org/surefire/maven-surefire-plugin/xsd/surefire-test-report-3.0.xsd" version="3.0" name="sfa.das.TestRunner" time="18.625" tests="1" errors="0" skipped="0" failures="0">
  <properties>
[...]
</properties>
  <testcase name="Confirm anchors on the PAGE_NOT_FOUND page" classname="Find schemes for your business - check anchors" time="14.884">
    <system-out><![CDATA[
@smoke
Scenario: Confirm anchors on the PAGE_NOT_FOUND page        &amp#27;[90m# features/sfa/das//anchors.feature:60&amp#27;[0m
&amp#27;[34m2024-06-13 18:19:12&amp#27;[0;39m &amp#27;[33m[main]&amp#27;[0;39m [&amp#27;[34mINFO&amp#27;[0;39m] &amp#27;[36mi.g.b.w.WebDriverManager&amp#27;[0;39m   Using chromedriver 125.0.6422.141 (resolved driver for Chrome 125)
&amp#27;[34m2024-06-13 18:19:12&amp#27;[0;39m &amp#27;[33m[main]&amp#27;[0;39m [&amp#27;[34mINFO&amp#27;[0;39m] &amp#27;[36mi.g.b.w.WebDriverManager&amp#27;[0;39m   Exporting webdriver.chrome.driver as C:\New projects\das-teach-in-further-education-acceptance-tests\browser\chromedriver\win64\125.0.6422.141\chromedriver.exe
  &amp#27;[32mGiven &amp#27;[0m&amp#27;[32mthe user navigates to the &amp#27;[0m&amp#27;[32m&amp#27;[1m"PAGE_NOT_FOUND"&amp#27;[0m&amp#27;[32m page&amp#27;[0m     &amp#27;[90m# sfa.das.StepDefinitions.theUserNavigatesToThePage(java.lang.String)&amp#27;[0m
&amp#27;[34m2024-06-13 18:19:24&amp#27;[0;39m &amp#27;[33m[main]&amp#27;[0;39m [&amp#27;[34mINFO&amp#27;[0;39m] &amp#27;[36ms.d.StepDefinitions&amp#27;[0;39m   link Home page
  &amp#27;[32mThen &amp#27;[0m&amp#27;[32mall PAGE_NOT_FOUND anchors link to the correct pages&amp#27;[0m &amp#27;[90m# sfa.das.StepDefinitions.allPAGE_NOT_FOUNDAnchorsLinkToTheCorrectPages()&amp#27;[0m
&amp#27;[34m2024-06-13 18:19:24&amp#27;[0;39m &amp#27;[33m[main]&amp#27;[0;39m [&amp#27;[34mINFO&amp#27;[0;39m] &amp#27;[36ms.d.StepDefinitions&amp#27;[0;39m   ++++ Scenario 'Confirm anchors on the PAGE_NOT_FOUND page': PASSED ++++
]]></system-out>
    <system-err><![CDATA[Jun 13, 2024 6:19:15 PM org.openqa.selenium.devtools.CdpVersionFinder findNearestMatch
WARNING: Unable to find an exact match for CDP version 125, returning the closest version; found: 121; Please update to a Selenium version that supports CDP version 125
]]></system-err>
  </testcase>
</testsuite>