<?xml version="1.0" encoding="UTF-8"?>
<testsuite xmlns:xsi="http://www.w3.org/2001/XMLSchema-instance" xsi:noNamespaceSchemaLocation="https://maven.apache.org/surefire/maven-surefire-plugin/xsd/surefire-test-report-3.0.xsd" version="3.0" name="Find schemes for your business - sorting schemes" time="1090.98" tests="20" errors="1" skipped="0" failures="2">
  <properties>
[...]
</properties>
  <testcase name="Confirm header and footer anchors on the FIND_SCHEMES page" classname="Find schemes for your business - check anchors" time="28.298">
    <system-out><![CDATA[[WARNING] Couldn't load group class 'test' in Surefire|Failsafe plugin. The group class is ignored!

Scenario: Confirm header and footer anchors on the FIND_SCHEMES page     &amp#27;[90m# features/sfa/das/anchors.feature:3&amp#27;[0m
&amp#27;[34m2024-06-04 17:48:37&amp#27;[0;39m &amp#27;[33m[main]&amp#27;[0;39m [&amp#27;[34mINFO&amp#27;[0;39m] &amp#27;[36mi.g.b.w.WebDriverManager&amp#27;[0;39m   Using chromedriver 125.0.6422.141 (resolved driver for Chrome 125)
&amp#27;[34m2024-06-04 17:48:37&amp#27;[0;39m &amp#27;[33m[main]&amp#27;[0;39m [&amp#27;[34mINFO&amp#27;[0;39m] &amp#27;[36mi.g.b.w.WebDriverManager&amp#27;[0;39m   Exporting webdriver.chrome.driver as C:\New projects\das-teach-in-further-education-acceptance-tests\browser\chromedriver\win64\125.0.6422.141\chromedriver.exe
  &amp#27;[32mGiven &amp#27;[0m&amp#27;[32mthe user navigates to the &amp#27;[0m&amp#27;[32m&amp#27;[1m"FIND_SCHEMES"&amp#27;[0m&amp#27;[32m page&amp#27;[0m                    &amp#27;[90m# sfa.das.StepDefinitions.theUserNavigatesToThePage(java.lang.String)&amp#27;[0m
&amp#27;[34m2024-06-04 17:48:50&amp#27;[0;39m &amp#27;[33m[main]&amp#27;[0;39m [&amp#27;[34mINFO&amp#27;[0;39m] &amp#27;[36ms.d.StepDefinitions&amp#27;[0;39m   link View cookies
&amp#27;[34m2024-06-04 17:48:51&amp#27;[0;39m &amp#27;[33m[main]&amp#27;[0;39m [&amp#27;[34mINFO&amp#27;[0;39m] &amp#27;[36ms.d.StepDefinitions&amp#27;[0;39m   link feedback
&amp#27;[34m2024-06-04 17:48:51&amp#27;[0;39m &amp#27;[33m[main]&amp#27;[0;39m [&amp#27;[34mINFO&amp#27;[0;39m] &amp#27;[36ms.d.StepDefinitions&amp#27;[0;39m   link Email
&amp#27;[34m2024-06-04 17:48:51&amp#27;[0;39m &amp#27;[33m[main]&amp#27;[0;39m [&amp#27;[34mINFO&amp#27;[0;39m] &amp#27;[36ms.d.StepDefinitions&amp#27;[0;39m   link Facebook
&amp#27;[34m2024-06-04 17:48:51&amp#27;[0;39m &amp#27;[33m[main]&amp#27;[0;39m [&amp#27;[34mINFO&amp#27;[0;39m] &amp#27;[36ms.d.StepDefinitions&amp#27;[0;39m   link X (formerly Twitter)
&amp#27;[34m2024-06-04 17:48:51&amp#27;[0;39m &amp#27;[33m[main]&amp#27;[0;39m [&amp#27;[34mINFO&amp#27;[0;39m] &amp#27;[36ms.d.StepDefinitions&amp#27;[0;39m   link LinkedIn
&amp#27;[34m2024-06-04 17:48:51&amp#27;[0;39m &amp#27;[33m[main]&amp#27;[0;39m [&amp#27;[34mINFO&amp#27;[0;39m] &amp#27;[36ms.d.StepDefinitions&amp#27;[0;39m   link Accessibility
&amp#27;[34m2024-06-04 17:48:52&amp#27;[0;39m &amp#27;[33m[main]&amp#27;[0;39m [&amp#27;[34mINFO&amp#27;[0;39m] &amp#27;[36ms.d.StepDefinitions&amp#27;[0;39m   link Privacy
&amp#27;[34m2024-06-04 17:48:52&amp#27;[0;39m &amp#27;[33m[main]&amp#27;[0;39m [&amp#27;[34mINFO&amp#27;[0;39m] &amp#27;[36ms.d.StepDefinitions&amp#27;[0;39m   link Cookies
&amp#27;[34m2024-06-04 17:48:53&amp#27;[0;39m &amp#27;[33m[main]&amp#27;[0;39m [&amp#27;[34mINFO&amp#27;[0;39m] &amp#27;[36ms.d.StepDefinitions&amp#27;[0;39m   link Contact
&amp#27;[34m2024-06-04 17:48:53&amp#27;[0;39m &amp#27;[33m[main]&amp#27;[0;39m [&amp#27;[34mINFO&amp#27;[0;39m] &amp#27;[36ms.d.StepDefinitions&amp#27;[0;39m   link Scotland
&amp#27;[34m2024-06-04 17:48:54&amp#27;[0;39m &amp#27;[33m[main]&amp#27;[0;39m [&amp#27;[34mINFO&amp#27;[0;39m] &amp#27;[36ms.d.StepDefinitions&amp#27;[0;39m   link Wales
&amp#27;[34m2024-06-04 17:48:54&amp#27;[0;39m &amp#27;[33m[main]&amp#27;[0;39m [&amp#27;[34mINFO&amp#27;[0;39m] &amp#27;[36ms.d.StepDefinitions&amp#27;[0;39m   link Northern Ireland
&amp#27;[34m2024-06-04 17:48:54&amp#27;[0;39m &amp#27;[33m[main]&amp#27;[0;39m [&amp#27;[34mINFO&amp#27;[0;39m] &amp#27;[36ms.d.StepDefinitions&amp#27;[0;39m   link Open Government Licence v3.0
&amp#27;[34m2024-06-04 17:48:57&amp#27;[0;39m &amp#27;[33m[main]&amp#27;[0;39m [&amp#27;[34mINFO&amp#27;[0;39m] &amp#27;[36ms.d.StepDefinitions&amp#27;[0;39m   link © Crown copyright
  &amp#27;[32mThen &amp#27;[0m&amp#27;[32mall home page header and footer anchors link to the correct pages&amp#27;[0m &amp#27;[90m# sfa.das.StepDefinitions.allHomePageHeaderAndFooterAnchorsLinkToTheCorrectPages()&amp#27;[0m
&amp#27;[34m2024-06-04 17:49:00&amp#27;[0;39m &amp#27;[33m[main]&amp#27;[0;39m [&amp#27;[34mINFO&amp#27;[0;39m] &amp#27;[36ms.d.StepDefinitions&amp#27;[0;39m   ++++ Scenario 'Confirm header and footer anchors on the FIND_SCHEMES page': PASSED ++++
]]></system-out>
    <system-err><![CDATA[Jun 04, 2024 5:48:40 PM org.openqa.selenium.devtools.CdpVersionFinder findNearestMatch
WARNING: Unable to find an exact match for CDP version 125, returning the closest version; found: 121; Please update to a Selenium version that supports CDP version 125
]]></system-err>
  </testcase>
  <testcase name="Confirm anchors on the FIND_SCHEMES page" classname="Find schemes for your business - check anchors" time="10.213">
    <system-out><![CDATA[
Scenario: Confirm anchors on the FIND_SCHEMES page        &amp#27;[90m# features/sfa/das/anchors.feature:7&amp#27;[0m
&amp#27;[34m2024-06-04 17:49:02&amp#27;[0;39m &amp#27;[33m[main]&amp#27;[0;39m [&amp#27;[34mINFO&amp#27;[0;39m] &amp#27;[36mi.g.b.w.WebDriverManager&amp#27;[0;39m   Using chromedriver 125.0.6422.141 (resolved driver for Chrome 125)
&amp#27;[34m2024-06-04 17:49:02&amp#27;[0;39m &amp#27;[33m[main]&amp#27;[0;39m [&amp#27;[34mINFO&amp#27;[0;39m] &amp#27;[36mi.g.b.w.WebDriverManager&amp#27;[0;39m   Exporting webdriver.chrome.driver as C:\New projects\das-teach-in-further-education-acceptance-tests\browser\chromedriver\win64\125.0.6422.141\chromedriver.exe
  &amp#27;[32mGiven &amp#27;[0m&amp#27;[32mthe user navigates to the &amp#27;[0m&amp#27;[32m&amp#27;[1m"FIND_SCHEMES"&amp#27;[0m&amp#27;[32m page&amp#27;[0m     &amp#27;[90m# sfa.das.StepDefinitions.theUserNavigatesToThePage(java.lang.String)&amp#27;[0m
&amp#27;[34m2024-06-04 17:49:11&amp#27;[0;39m &amp#27;[33m[main]&amp#27;[0;39m [&amp#27;[34mINFO&amp#27;[0;39m] &amp#27;[36ms.d.StepDefinitions&amp#27;[0;39m   link Get career ideas and browse your training options
  &amp#27;[32mThen &amp#27;[0m&amp#27;[32mall FIND_SCHEMES anchors link to the correct pages&amp#27;[0m &amp#27;[90m# sfa.das.StepDefinitions.allFIND_SCHEMESAnchorsLinkToTheCorrectPages()&amp#27;[0m
&amp#27;[34m2024-06-04 17:49:11&amp#27;[0;39m &amp#27;[33m[main]&amp#27;[0;39m [&amp#27;[34mINFO&amp#27;[0;39m] &amp#27;[36ms.d.StepDefinitions&amp#27;[0;39m   ++++ Scenario 'Confirm anchors on the FIND_SCHEMES page': PASSED ++++
]]></system-out>
    <system-err><![CDATA[Jun 04, 2024 5:49:03 PM org.openqa.selenium.devtools.CdpVersionFinder findNearestMatch
WARNING: Unable to find an exact match for CDP version 125, returning the closest version; found: 121; Please update to a Selenium version that supports CDP version 125
]]></system-err>
  </testcase>
  <testcase name="Confirm anchors on the APPRENTICESHIPS page" classname="Find schemes for your business - check anchors" time="10.642">
    <system-out><![CDATA[
Scenario: Confirm anchors on the APPRENTICESHIPS page        &amp#27;[90m# features/sfa/das/anchors.feature:11&amp#27;[0m
&amp#27;[34m2024-06-04 17:49:12&amp#27;[0;39m &amp#27;[33m[main]&amp#27;[0;39m [&amp#27;[34mINFO&amp#27;[0;39m] &amp#27;[36mi.g.b.w.WebDriverManager&amp#27;[0;39m   Using chromedriver 125.0.6422.141 (resolved driver for Chrome 125)
&amp#27;[34m2024-06-04 17:49:12&amp#27;[0;39m &amp#27;[33m[main]&amp#27;[0;39m [&amp#27;[34mINFO&amp#27;[0;39m] &amp#27;[36mi.g.b.w.WebDriverManager&amp#27;[0;39m   Exporting webdriver.chrome.driver as C:\New projects\das-teach-in-further-education-acceptance-tests\browser\chromedriver\win64\125.0.6422.141\chromedriver.exe
  &amp#27;[32mGiven &amp#27;[0m&amp#27;[32mthe user navigates to the &amp#27;[0m&amp#27;[32m&amp#27;[1m"APPRENTICESHIPS"&amp#27;[0m&amp#27;[32m page&amp#27;[0m     &amp#27;[90m# sfa.das.StepDefinitions.theUserNavigatesToThePage(java.lang.String)&amp#27;[0m
&amp#27;[34m2024-06-04 17:49:21&amp#27;[0;39m &amp#27;[33m[main]&amp#27;[0;39m [&amp#27;[34mINFO&amp#27;[0;39m] &amp#27;[36ms.d.StepDefinitions&amp#27;[0;39m   link Get career ideas and browse your training options
&amp#27;[34m2024-06-04 17:49:21&amp#27;[0;39m &amp#27;[33m[main]&amp#27;[0;39m [&amp#27;[34mINFO&amp#27;[0;39m] &amp#27;[36ms.d.StepDefinitions&amp#27;[0;39m   link Benefits for your business
&amp#27;[34m2024-06-04 17:49:22&amp#27;[0;39m &amp#27;[33m[main]&amp#27;[0;39m [&amp#27;[34mINFO&amp#27;[0;39m] &amp#27;[36ms.d.StepDefinitions&amp#27;[0;39m   link Employer stories
&amp#27;[34m2024-06-04 17:49:22&amp#27;[0;39m &amp#27;[33m[main]&amp#27;[0;39m [&amp#27;[34mINFO&amp#27;[0;39m] &amp#27;[36ms.d.StepDefinitions&amp#27;[0;39m   link Case studies
&amp#27;[34m2024-06-04 17:49:22&amp#27;[0;39m &amp#27;[33m[main]&amp#27;[0;39m [&amp#27;[34mINFO&amp#27;[0;39m] &amp#27;[36ms.d.StepDefinitions&amp#27;[0;39m   link Cost
&amp#27;[34m2024-06-04 17:49:22&amp#27;[0;39m &amp#27;[33m[main]&amp#27;[0;39m [&amp#27;[34mINFO&amp#27;[0;39m] &amp#27;[36ms.d.StepDefinitions&amp#27;[0;39m   link Your responsibilities
&amp#27;[34m2024-06-04 17:49:22&amp#27;[0;39m &amp#27;[33m[main]&amp#27;[0;39m [&amp#27;[34mINFO&amp#27;[0;39m] &amp#27;[36ms.d.StepDefinitions&amp#27;[0;39m   link Find out more
&amp#27;[34m2024-06-04 17:49:22&amp#27;[0;39m &amp#27;[33m[main]&amp#27;[0;39m [&amp#27;[34mINFO&amp#27;[0;39m] &amp#27;[36ms.d.StepDefinitions&amp#27;[0;39m   link the apprentice minimum wage
&amp#27;[34m2024-06-04 17:49:22&amp#27;[0;39m &amp#27;[33m[main]&amp#27;[0;39m [&amp#27;[34mINFO&amp#27;[0;39m] &amp#27;[36ms.d.StepDefinitions&amp#27;[0;39m   link Calculate your estimated training cost funding
&amp#27;[34m2024-06-04 17:49:22&amp#27;[0;39m &amp#27;[33m[main]&amp#27;[0;39m [&amp#27;[34mINFO&amp#27;[0;39m] &amp#27;[36ms.d.StepDefinitions&amp#27;[0;39m   link Read the step-by-step guide on employing an apprentice for your business
&amp#27;[34m2024-06-04 17:49:22&amp#27;[0;39m &amp#27;[33m[main]&amp#27;[0;39m [&amp#27;[34mINFO&amp#27;[0;39m] &amp#27;[36ms.d.StepDefinitions&amp#27;[0;39m   link employer.enquiries@education.gov.uk
&amp#27;[34m2024-06-04 17:49:22&amp#27;[0;39m &amp#27;[33m[main]&amp#27;[0;39m [&amp#27;[34mINFO&amp#27;[0;39m] &amp#27;[36ms.d.StepDefinitions&amp#27;[0;39m   link Learn more about the Apprenticeship Ambassador Network
&amp#27;[34m2024-06-04 17:49:22&amp#27;[0;39m &amp#27;[33m[main]&amp#27;[0;39m [&amp#27;[34mINFO&amp#27;[0;39m] &amp#27;[36ms.d.StepDefinitions&amp#27;[0;39m   link Get guidance on developing apprenticeships
&amp#27;[34m2024-06-04 17:49:22&amp#27;[0;39m &amp#27;[33m[main]&amp#27;[0;39m [&amp#27;[34mINFO&amp#27;[0;39m] &amp#27;[36ms.d.StepDefinitions&amp#27;[0;39m   link Sign up for the employer skills newsletter
&amp#27;[34m2024-06-04 17:49:22&amp#27;[0;39m &amp#27;[33m[main]&amp#27;[0;39m [&amp#27;[34mINFO&amp#27;[0;39m] &amp#27;[36ms.d.StepDefinitions&amp#27;[0;39m   link Get financial support to offer apprenticeships
  &amp#27;[32mThen &amp#27;[0m&amp#27;[32mall APPRENTICESHIPS anchors link to the correct pages&amp#27;[0m &amp#27;[90m# sfa.das.StepDefinitions.allAPPRENTICESHIPSAnchorsLinkToTheCorrectPages()&amp#27;[0m
&amp#27;[34m2024-06-04 17:49:22&amp#27;[0;39m &amp#27;[33m[main]&amp#27;[0;39m [&amp#27;[34mINFO&amp#27;[0;39m] &amp#27;[36ms.d.StepDefinitions&amp#27;[0;39m   ++++ Scenario 'Confirm anchors on the APPRENTICESHIPS page': PASSED ++++
]]></system-out>
    <system-err><![CDATA[Jun 04, 2024 5:49:13 PM org.openqa.selenium.devtools.CdpVersionFinder findNearestMatch
WARNING: Unable to find an exact match for CDP version 125, returning the closest version; found: 121; Please update to a Selenium version that supports CDP version 125
]]></system-err>
  </testcase>
  <testcase name="Confirm anchors on the T_LEVELS page" classname="Find schemes for your business - check anchors" time="12.52">
    <system-out><![CDATA[
Scenario: Confirm anchors on the T_LEVELS page        &amp#27;[90m# features/sfa/das/anchors.feature:15&amp#27;[0m
&amp#27;[34m2024-06-04 17:49:22&amp#27;[0;39m &amp#27;[33m[main]&amp#27;[0;39m [&amp#27;[34mINFO&amp#27;[0;39m] &amp#27;[36mi.g.b.w.WebDriverManager&amp#27;[0;39m   Using chromedriver 125.0.6422.141 (resolved driver for Chrome 125)
&amp#27;[34m2024-06-04 17:49:22&amp#27;[0;39m &amp#27;[33m[main]&amp#27;[0;39m [&amp#27;[34mINFO&amp#27;[0;39m] &amp#27;[36mi.g.b.w.WebDriverManager&amp#27;[0;39m   Exporting webdriver.chrome.driver as C:\New projects\das-teach-in-further-education-acceptance-tests\browser\chromedriver\win64\125.0.6422.141\chromedriver.exe
  &amp#27;[32mGiven &amp#27;[0m&amp#27;[32mthe user navigates to the &amp#27;[0m&amp#27;[32m&amp#27;[1m"T_LEVELS"&amp#27;[0m&amp#27;[32m page&amp#27;[0m     &amp#27;[90m# sfa.das.StepDefinitions.theUserNavigatesToThePage(java.lang.String)&amp#27;[0m
&amp#27;[34m2024-06-04 17:49:33&amp#27;[0;39m &amp#27;[33m[main]&amp#27;[0;39m [&amp#27;[34mINFO&amp#27;[0;39m] &amp#27;[36ms.d.StepDefinitions&amp#27;[0;39m   link See more about how industry placements work
&amp#27;[34m2024-06-04 17:49:33&amp#27;[0;39m &amp#27;[33m[main]&amp#27;[0;39m [&amp#27;[34mINFO&amp#27;[0;39m] &amp#27;[36ms.d.StepDefinitions&amp#27;[0;39m   link Get career ideas and browse your training options
&amp#27;[34m2024-06-04 17:49:33&amp#27;[0;39m &amp#27;[33m[main]&amp#27;[0;39m [&amp#27;[34mINFO&amp#27;[0;39m] &amp#27;[36ms.d.StepDefinitions&amp#27;[0;39m   link Benefits for your business
&amp#27;[34m2024-06-04 17:49:33&amp#27;[0;39m &amp#27;[33m[main]&amp#27;[0;39m [&amp#27;[34mINFO&amp#27;[0;39m] &amp#27;[36ms.d.StepDefinitions&amp#27;[0;39m   link Employer stories
&amp#27;[34m2024-06-04 17:49:33&amp#27;[0;39m &amp#27;[33m[main]&amp#27;[0;39m [&amp#27;[34mINFO&amp#27;[0;39m] &amp#27;[36ms.d.StepDefinitions&amp#27;[0;39m   link Cost
&amp#27;[34m2024-06-04 17:49:33&amp#27;[0;39m &amp#27;[33m[main]&amp#27;[0;39m [&amp#27;[34mINFO&amp#27;[0;39m] &amp#27;[36ms.d.StepDefinitions&amp#27;[0;39m   link Your responsibilities
&amp#27;[34m2024-06-04 17:49:33&amp#27;[0;39m &amp#27;[33m[main]&amp#27;[0;39m [&amp#27;[34mINFO&amp#27;[0;39m] &amp#27;[36ms.d.StepDefinitions&amp#27;[0;39m   link Case studies
&amp#27;[34m2024-06-04 17:49:33&amp#27;[0;39m &amp#27;[33m[main]&amp#27;[0;39m [&amp#27;[34mINFO&amp#27;[0;39m] &amp#27;[36ms.d.StepDefinitions&amp#27;[0;39m   link Find out more
&amp#27;[34m2024-06-04 17:49:33&amp#27;[0;39m &amp#27;[33m[main]&amp#27;[0;39m [&amp#27;[34mINFO&amp#27;[0;39m] &amp#27;[36ms.d.StepDefinitions&amp#27;[0;39m   link use the potential benefits document
&amp#27;[34m2024-06-04 17:49:33&amp#27;[0;39m &amp#27;[33m[main]&amp#27;[0;39m [&amp#27;[34mINFO&amp#27;[0;39m] &amp#27;[36ms.d.StepDefinitions&amp#27;[0;39m   link accelerated apprenticeships
&amp#27;[34m2024-06-04 17:49:33&amp#27;[0;39m &amp#27;[33m[main]&amp#27;[0;39m [&amp#27;[34mINFO&amp#27;[0;39m] &amp#27;[36ms.d.StepDefinitions&amp#27;[0;39m   link Find out more about the employer support fund and costs it covers
&amp#27;[34m2024-06-04 17:49:33&amp#27;[0;39m &amp#27;[33m[main]&amp#27;[0;39m [&amp#27;[34mINFO&amp#27;[0;39m] &amp#27;[36ms.d.StepDefinitions&amp#27;[0;39m   link Read more about your industry placement responsibilities
&amp#27;[34m2024-06-04 17:49:33&amp#27;[0;39m &amp#27;[33m[main]&amp#27;[0;39m [&amp#27;[34mINFO&amp#27;[0;39m] &amp#27;[36ms.d.StepDefinitions&amp#27;[0;39m   link Find out more about industry placements
&amp#27;[34m2024-06-04 17:49:33&amp#27;[0;39m &amp#27;[33m[main]&amp#27;[0;39m [&amp#27;[34mINFO&amp#27;[0;39m] &amp#27;[36ms.d.StepDefinitions&amp#27;[0;39m   link Register your interest in hosting industry placements
&amp#27;[34m2024-06-04 17:49:33&amp#27;[0;39m &amp#27;[33m[main]&amp#27;[0;39m [&amp#27;[34mINFO&amp#27;[0;39m] &amp#27;[36ms.d.StepDefinitions&amp#27;[0;39m   link T Level online events
&amp#27;[34m2024-06-04 17:49:33&amp#27;[0;39m &amp#27;[33m[main]&amp#27;[0;39m [&amp#27;[34mINFO&amp#27;[0;39m] &amp#27;[36ms.d.StepDefinitions&amp#27;[0;39m   link Follow T Levels on Linkedin
&amp#27;[34m2024-06-04 17:49:34&amp#27;[0;39m &amp#27;[33m[main]&amp#27;[0;39m [&amp#27;[34mINFO&amp#27;[0;39m] &amp#27;[36ms.d.StepDefinitions&amp#27;[0;39m   link Sign up for the employer skills newsletter
  &amp#27;[32mThen &amp#27;[0m&amp#27;[32mall T_LEVELS anchors link to the correct pages&amp#27;[0m &amp#27;[90m# sfa.das.StepDefinitions.allT_LEVELSAnchorsLinkToTheCorrectPages()&amp#27;[0m
&amp#27;[34m2024-06-04 17:49:34&amp#27;[0;39m &amp#27;[33m[main]&amp#27;[0;39m [&amp#27;[34mINFO&amp#27;[0;39m] &amp#27;[36ms.d.StepDefinitions&amp#27;[0;39m   ++++ Scenario 'Confirm anchors on the T_LEVELS page': PASSED ++++
]]></system-out>
    <system-err><![CDATA[Jun 04, 2024 5:49:24 PM org.openqa.selenium.devtools.CdpVersionFinder findNearestMatch
WARNING: Unable to find an exact match for CDP version 125, returning the closest version; found: 121; Please update to a Selenium version that supports CDP version 125
]]></system-err>
  </testcase>
  <testcase name="Confirm anchors on the BOOTCAMPS page" classname="Find schemes for your business - check anchors" time="12.597">
    <system-out><![CDATA[
Scenario: Confirm anchors on the BOOTCAMPS page        &amp#27;[90m# features/sfa/das/anchors.feature:19&amp#27;[0m
&amp#27;[34m2024-06-04 17:49:35&amp#27;[0;39m &amp#27;[33m[main]&amp#27;[0;39m [&amp#27;[34mINFO&amp#27;[0;39m] &amp#27;[36mi.g.b.w.WebDriverManager&amp#27;[0;39m   Using chromedriver 125.0.6422.141 (resolved driver for Chrome 125)
&amp#27;[34m2024-06-04 17:49:35&amp#27;[0;39m &amp#27;[33m[main]&amp#27;[0;39m [&amp#27;[34mINFO&amp#27;[0;39m] &amp#27;[36mi.g.b.w.WebDriverManager&amp#27;[0;39m   Exporting webdriver.chrome.driver as C:\New projects\das-teach-in-further-education-acceptance-tests\browser\chromedriver\win64\125.0.6422.141\chromedriver.exe
  &amp#27;[32mGiven &amp#27;[0m&amp#27;[32mthe user navigates to the &amp#27;[0m&amp#27;[32m&amp#27;[1m"BOOTCAMPS"&amp#27;[0m&amp#27;[32m page&amp#27;[0m     &amp#27;[90m# sfa.das.StepDefinitions.theUserNavigatesToThePage(java.lang.String)&amp#27;[0m
&amp#27;[34m2024-06-04 17:49:44&amp#27;[0;39m &amp#27;[33m[main]&amp#27;[0;39m [&amp#27;[34mINFO&amp#27;[0;39m] &amp#27;[36ms.d.StepDefinitions&amp#27;[0;39m   link Get career ideas and browse your training options
&amp#27;[34m2024-06-04 17:49:44&amp#27;[0;39m &amp#27;[33m[main]&amp#27;[0;39m [&amp#27;[34mINFO&amp#27;[0;39m] &amp#27;[36ms.d.StepDefinitions&amp#27;[0;39m   link Benefits for your business
&amp#27;[34m2024-06-04 17:49:44&amp#27;[0;39m &amp#27;[33m[main]&amp#27;[0;39m [&amp#27;[34mINFO&amp#27;[0;39m] &amp#27;[36ms.d.StepDefinitions&amp#27;[0;39m   link Employer stories
&amp#27;[34m2024-06-04 17:49:44&amp#27;[0;39m &amp#27;[33m[main]&amp#27;[0;39m [&amp#27;[34mINFO&amp#27;[0;39m] &amp#27;[36ms.d.StepDefinitions&amp#27;[0;39m   link Case studies
&amp#27;[34m2024-06-04 17:49:44&amp#27;[0;39m &amp#27;[33m[main]&amp#27;[0;39m [&amp#27;[34mINFO&amp#27;[0;39m] &amp#27;[36ms.d.StepDefinitions&amp#27;[0;39m   link Cost
&amp#27;[34m2024-06-04 17:49:44&amp#27;[0;39m &amp#27;[33m[main]&amp#27;[0;39m [&amp#27;[34mINFO&amp#27;[0;39m] &amp#27;[36ms.d.StepDefinitions&amp#27;[0;39m   link Your responsibilities
&amp#27;[34m2024-06-04 17:49:44&amp#27;[0;39m &amp#27;[33m[main]&amp#27;[0;39m [&amp#27;[34mINFO&amp#27;[0;39m] &amp#27;[36ms.d.StepDefinitions&amp#27;[0;39m   link Find out more
&amp#27;[34m2024-06-04 17:49:44&amp#27;[0;39m &amp#27;[33m[main]&amp#27;[0;39m [&amp#27;[34mINFO&amp#27;[0;39m] &amp#27;[36ms.d.StepDefinitions&amp#27;[0;39m   link accelerated apprenticeships
&amp#27;[34m2024-06-04 17:49:45&amp#27;[0;39m &amp#27;[33m[main]&amp#27;[0;39m [&amp#27;[34mINFO&amp#27;[0;39m] &amp#27;[36ms.d.StepDefinitions&amp#27;[0;39m   link Find a local provider
&amp#27;[34m2024-06-04 17:49:46&amp#27;[0;39m &amp#27;[33m[main]&amp#27;[0;39m [&amp#27;[34mINFO&amp#27;[0;39m] &amp#27;[36ms.d.StepDefinitions&amp#27;[0;39m   link Read more on applying to deliver Skills Bootcamps
  &amp#27;[32mThen &amp#27;[0m&amp#27;[32mall BOOTCAMPS anchors link to the correct pages&amp#27;[0m &amp#27;[90m# sfa.das.StepDefinitions.allBOOTCAMPSAnchorsLinkToTheCorrectPages()&amp#27;[0m
&amp#27;[34m2024-06-04 17:49:46&amp#27;[0;39m &amp#27;[33m[main]&amp#27;[0;39m [&amp#27;[34mINFO&amp#27;[0;39m] &amp#27;[36ms.d.StepDefinitions&amp#27;[0;39m   ++++ Scenario 'Confirm anchors on the BOOTCAMPS page': PASSED ++++
]]></system-out>
    <system-err><![CDATA[Jun 04, 2024 5:49:37 PM org.openqa.selenium.devtools.CdpVersionFinder findNearestMatch
WARNING: Unable to find an exact match for CDP version 125, returning the closest version; found: 121; Please update to a Selenium version that supports CDP version 125
]]></system-err>
  </testcase>
  <testcase name="Confirm anchors on the MULTIPLY page" classname="Find schemes for your business - check anchors" time="9.688">
    <system-out><![CDATA[
Scenario: Confirm anchors on the MULTIPLY page        &amp#27;[90m# features/sfa/das/anchors.feature:23&amp#27;[0m
&amp#27;[34m2024-06-04 17:49:48&amp#27;[0;39m &amp#27;[33m[main]&amp#27;[0;39m [&amp#27;[34mINFO&amp#27;[0;39m] &amp#27;[36mi.g.b.w.WebDriverManager&amp#27;[0;39m   Using chromedriver 125.0.6422.141 (resolved driver for Chrome 125)
&amp#27;[34m2024-06-04 17:49:48&amp#27;[0;39m &amp#27;[33m[main]&amp#27;[0;39m [&amp#27;[34mINFO&amp#27;[0;39m] &amp#27;[36mi.g.b.w.WebDriverManager&amp#27;[0;39m   Exporting webdriver.chrome.driver as C:\New projects\das-teach-in-further-education-acceptance-tests\browser\chromedriver\win64\125.0.6422.141\chromedriver.exe
  &amp#27;[32mGiven &amp#27;[0m&amp#27;[32mthe user navigates to the &amp#27;[0m&amp#27;[32m&amp#27;[1m"MULTIPLY"&amp#27;[0m&amp#27;[32m page&amp#27;[0m     &amp#27;[90m# sfa.das.StepDefinitions.theUserNavigatesToThePage(java.lang.String)&amp#27;[0m
&amp#27;[34m2024-06-04 17:49:56&amp#27;[0;39m &amp#27;[33m[main]&amp#27;[0;39m [&amp#27;[34mINFO&amp#27;[0;39m] &amp#27;[36ms.d.StepDefinitions&amp#27;[0;39m   link Get career ideas and browse your training options
&amp#27;[34m2024-06-04 17:49:57&amp#27;[0;39m &amp#27;[33m[main]&amp#27;[0;39m [&amp#27;[34mINFO&amp#27;[0;39m] &amp#27;[36ms.d.StepDefinitions&amp#27;[0;39m   link Benefits for your business
&amp#27;[34m2024-06-04 17:49:57&amp#27;[0;39m &amp#27;[33m[main]&amp#27;[0;39m [&amp#27;[34mINFO&amp#27;[0;39m] &amp#27;[36ms.d.StepDefinitions&amp#27;[0;39m   link Cost
&amp#27;[34m2024-06-04 17:49:57&amp#27;[0;39m &amp#27;[33m[main]&amp#27;[0;39m [&amp#27;[34mINFO&amp#27;[0;39m] &amp#27;[36ms.d.StepDefinitions&amp#27;[0;39m   link Your responsibilities
&amp#27;[34m2024-06-04 17:49:57&amp#27;[0;39m &amp#27;[33m[main]&amp#27;[0;39m [&amp#27;[34mINFO&amp#27;[0;39m] &amp#27;[36ms.d.StepDefinitions&amp#27;[0;39m   link Find out more
&amp#27;[34m2024-06-04 17:49:57&amp#27;[0;39m &amp#27;[33m[main]&amp#27;[0;39m [&amp#27;[34mINFO&amp#27;[0;39m] &amp#27;[36ms.d.StepDefinitions&amp#27;[0;39m   link Your employees can take a short quiz to assess their numeracy skills
&amp#27;[34m2024-06-04 17:49:57&amp#27;[0;39m &amp#27;[33m[main]&amp#27;[0;39m [&amp#27;[34mINFO&amp#27;[0;39m] &amp#27;[36ms.d.StepDefinitions&amp#27;[0;39m   link multiply.localallocations@education.gov.uk
&amp#27;[34m2024-06-04 17:49:57&amp#27;[0;39m &amp#27;[33m[main]&amp#27;[0;39m [&amp#27;[34mINFO&amp#27;[0;39m] &amp#27;[36ms.d.StepDefinitions&amp#27;[0;39m   link You can also search for Multiply courses on the National Careers Service website
  &amp#27;[32mThen &amp#27;[0m&amp#27;[32mall MULTIPLY anchors link to the correct pages&amp#27;[0m &amp#27;[90m# sfa.das.StepDefinitions.allMULTIPLYAnchorsLinkToTheCorrectPages()&amp#27;[0m
&amp#27;[34m2024-06-04 17:49:57&amp#27;[0;39m &amp#27;[33m[main]&amp#27;[0;39m [&amp#27;[34mINFO&amp#27;[0;39m] &amp#27;[36ms.d.StepDefinitions&amp#27;[0;39m   ++++ Scenario 'Confirm anchors on the MULTIPLY page': PASSED ++++
]]></system-out>
    <system-err><![CDATA[Jun 04, 2024 5:49:49 PM org.openqa.selenium.devtools.CdpVersionFinder findNearestMatch
WARNING: Unable to find an exact match for CDP version 125, returning the closest version; found: 121; Please update to a Selenium version that supports CDP version 125
]]></system-err>
  </testcase>
  <testcase name="Confirm anchors on the HTQ page" classname="Find schemes for your business - check anchors" time="11.02">
    <system-out><![CDATA[
Scenario: Confirm anchors on the HTQ page        &amp#27;[90m# features/sfa/das/anchors.feature:27&amp#27;[0m
&amp#27;[34m2024-06-04 17:49:57&amp#27;[0;39m &amp#27;[33m[main]&amp#27;[0;39m [&amp#27;[34mINFO&amp#27;[0;39m] &amp#27;[36mi.g.b.w.WebDriverManager&amp#27;[0;39m   Using chromedriver 125.0.6422.141 (resolved driver for Chrome 125)
&amp#27;[34m2024-06-04 17:49:57&amp#27;[0;39m &amp#27;[33m[main]&amp#27;[0;39m [&amp#27;[34mINFO&amp#27;[0;39m] &amp#27;[36mi.g.b.w.WebDriverManager&amp#27;[0;39m   Exporting webdriver.chrome.driver as C:\New projects\das-teach-in-further-education-acceptance-tests\browser\chromedriver\win64\125.0.6422.141\chromedriver.exe
  &amp#27;[32mGiven &amp#27;[0m&amp#27;[32mthe user navigates to the &amp#27;[0m&amp#27;[32m&amp#27;[1m"HTQ"&amp#27;[0m&amp#27;[32m page&amp#27;[0m     &amp#27;[90m# sfa.das.StepDefinitions.theUserNavigatesToThePage(java.lang.String)&amp#27;[0m
&amp#27;[34m2024-06-04 17:50:07&amp#27;[0;39m &amp#27;[33m[main]&amp#27;[0;39m [&amp#27;[34mINFO&amp#27;[0;39m] &amp#27;[36ms.d.StepDefinitions&amp#27;[0;39m   link Get career ideas and browse your training options
&amp#27;[34m2024-06-04 17:50:07&amp#27;[0;39m &amp#27;[33m[main]&amp#27;[0;39m [&amp#27;[34mINFO&amp#27;[0;39m] &amp#27;[36ms.d.StepDefinitions&amp#27;[0;39m   link Benefits for your business
&amp#27;[34m2024-06-04 17:50:07&amp#27;[0;39m &amp#27;[33m[main]&amp#27;[0;39m [&amp#27;[34mINFO&amp#27;[0;39m] &amp#27;[36ms.d.StepDefinitions&amp#27;[0;39m   link Higher Technical Qualifications video
&amp#27;[34m2024-06-04 17:50:07&amp#27;[0;39m &amp#27;[33m[main]&amp#27;[0;39m [&amp#27;[34mINFO&amp#27;[0;39m] &amp#27;[36ms.d.StepDefinitions&amp#27;[0;39m   link Cost
&amp#27;[34m2024-06-04 17:50:07&amp#27;[0;39m &amp#27;[33m[main]&amp#27;[0;39m [&amp#27;[34mINFO&amp#27;[0;39m] &amp#27;[36ms.d.StepDefinitions&amp#27;[0;39m   link Your responsibilities
&amp#27;[34m2024-06-04 17:50:07&amp#27;[0;39m &amp#27;[33m[main]&amp#27;[0;39m [&amp#27;[34mINFO&amp#27;[0;39m] &amp#27;[36ms.d.StepDefinitions&amp#27;[0;39m   link Case studies
&amp#27;[34m2024-06-04 17:50:07&amp#27;[0;39m &amp#27;[33m[main]&amp#27;[0;39m [&amp#27;[34mINFO&amp#27;[0;39m] &amp#27;[36ms.d.StepDefinitions&amp#27;[0;39m   link Find out more
&amp#27;[34m2024-06-04 17:50:07&amp#27;[0;39m &amp#27;[33m[main]&amp#27;[0;39m [&amp#27;[34mINFO&amp#27;[0;39m] &amp#27;[36ms.d.StepDefinitions&amp#27;[0;39m   link HTQ guidance on GOV.UK
&amp#27;[34m2024-06-04 17:50:07&amp#27;[0;39m &amp#27;[33m[main]&amp#27;[0;39m [&amp#27;[34mINFO&amp#27;[0;39m] &amp#27;[36ms.d.StepDefinitions&amp#27;[0;39m   link UCAS website
&amp#27;[34m2024-06-04 17:50:07&amp#27;[0;39m &amp#27;[33m[main]&amp#27;[0;39m [&amp#27;[34mINFO&amp#27;[0;39m] &amp#27;[36ms.d.StepDefinitions&amp#27;[0;39m   link National Careers Service
&amp#27;[34m2024-06-04 17:50:07&amp#27;[0;39m &amp#27;[33m[main]&amp#27;[0;39m [&amp#27;[34mINFO&amp#27;[0;39m] &amp#27;[36ms.d.StepDefinitions&amp#27;[0;39m   link View a list of HTQ providers and the courses they offer
&amp#27;[34m2024-06-04 17:50:08&amp#27;[0;39m &amp#27;[33m[main]&amp#27;[0;39m [&amp#27;[34mINFO&amp#27;[0;39m] &amp#27;[36ms.d.StepDefinitions&amp#27;[0;39m   link See the full list of the available and upcoming subjects for HTQs
  &amp#27;[32mThen &amp#27;[0m&amp#27;[32mall HTQ anchors link to the correct pages&amp#27;[0m &amp#27;[90m# sfa.das.StepDefinitions.allHTQAnchorsLinkToTheCorrectPages()&amp#27;[0m
&amp#27;[34m2024-06-04 17:50:08&amp#27;[0;39m &amp#27;[33m[main]&amp#27;[0;39m [&amp#27;[34mINFO&amp#27;[0;39m] &amp#27;[36ms.d.StepDefinitions&amp#27;[0;39m   ++++ Scenario 'Confirm anchors on the HTQ page': PASSED ++++
]]></system-out>
    <system-err><![CDATA[Jun 04, 2024 5:49:59 PM org.openqa.selenium.devtools.CdpVersionFinder findNearestMatch
WARNING: Unable to find an exact match for CDP version 125, returning the closest version; found: 121; Please update to a Selenium version that supports CDP version 125
]]></system-err>
  </testcase>
  <testcase name="Confirm anchors on the INTERNSHIPS page" classname="Find schemes for your business - check anchors" time="8.566">
    <failure message="anchors list should be the same expected:&lt;[an education health and care (EHC) plan, Get career ideas and browse your training options, Benefits for your business, Cost, Your responsibilities, Find out more, read guidance on GOV.UK, the Internships Work lead for your region, Employing disabled people and people with health conditions, Support with employee health and disability service]&gt; but was:&lt;[an education health and care (EHC) plan, Get career ideas and browse your training options, Benefits for your business, Cost, Case studies, Your responsibilities, Find out more, read guidance on GOV.UK, the Internships Work lead for your region, Employing disabled people and people with health conditions, Support with employee health and disability service]&gt;" type="java.lang.AssertionError"><![CDATA[java.lang.AssertionError: anchors list should be the same expected:<[an education health and care (EHC) plan, Get career ideas and browse your training options, Benefits for your business, Cost, Your responsibilities, Find out more, read guidance on GOV.UK, the Internships Work lead for your region, Employing disabled people and people with health conditions, Support with employee health and disability service]> but was:<[an education health and care (EHC) plan, Get career ideas and browse your training options, Benefits for your business, Cost, Case studies, Your responsibilities, Find out more, read guidance on GOV.UK, the Internships Work lead for your region, Employing disabled people and people with health conditions, Support with employee health and disability service]>
	at org.junit.Assert.fail(Assert.java:89)
	at org.junit.Assert.failNotEquals(Assert.java:835)
	at org.junit.Assert.assertEquals(Assert.java:120)
	at sfa.das.StepDefinitions.confirmActualAnchors(StepDefinitions.java:1074)
	at sfa.das.StepDefinitions.compareAndClickAnchors(StepDefinitions.java:944)
	at sfa.das.StepDefinitions.confirmPageAnchorsLite(StepDefinitions.java:930)
	at sfa.das.StepDefinitions.allINTERNSHIPSAnchorsLinkToTheCorrectPages(StepDefinitions.java:735)
	at ✽.all INTERNSHIPS anchors link to the correct pages(classpath:features/sfa/das/anchors.feature:33)
]]></failure>
    <system-out><![CDATA[
Scenario: Confirm anchors on the INTERNSHIPS page        &amp#27;[90m# features/sfa/das/anchors.feature:31&amp#27;[0m
&amp#27;[34m2024-06-04 17:50:08&amp#27;[0;39m &amp#27;[33m[main]&amp#27;[0;39m [&amp#27;[34mINFO&amp#27;[0;39m] &amp#27;[36mi.g.b.w.WebDriverManager&amp#27;[0;39m   Using chromedriver 125.0.6422.141 (resolved driver for Chrome 125)
&amp#27;[34m2024-06-04 17:50:08&amp#27;[0;39m &amp#27;[33m[main]&amp#27;[0;39m [&amp#27;[34mINFO&amp#27;[0;39m] &amp#27;[36mi.g.b.w.WebDriverManager&amp#27;[0;39m   Exporting webdriver.chrome.driver as C:\New projects\das-teach-in-further-education-acceptance-tests\browser\chromedriver\win64\125.0.6422.141\chromedriver.exe
  &amp#27;[32mGiven &amp#27;[0m&amp#27;[32mthe user navigates to the &amp#27;[0m&amp#27;[32m&amp#27;[1m"INTERNSHIPS"&amp#27;[0m&amp#27;[32m page&amp#27;[0m     &amp#27;[90m# sfa.das.StepDefinitions.theUserNavigatesToThePage(java.lang.String)&amp#27;[0m
  &amp#27;[31mThen &amp#27;[0m&amp#27;[31mall INTERNSHIPS anchors link to the correct pages&amp#27;[0m &amp#27;[90m# sfa.das.StepDefinitions.allINTERNSHIPSAnchorsLinkToTheCorrectPages()&amp#27;[0m
      &amp#27;[31mjava.lang.AssertionError: anchors list should be the same expected:<[an education health and care (EHC) plan, Get career ideas and browse your training options, Benefits for your business, Cost, Your responsibilities, Find out more, read guidance on GOV.UK, the Internships Work lead for your region, Employing disabled people and people with health conditions, Support with employee health and disability service]> but was:<[an education health and care (EHC) plan, Get career ideas and browse your training options, Benefits for your business, Cost, Case studies, Your responsibilities, Find out more, read guidance on GOV.UK, the Internships Work lead for your region, Employing disabled people and people with health conditions, Support with employee health and disability service]>
	at org.junit.Assert.fail(Assert.java:89)
	at org.junit.Assert.failNotEquals(Assert.java:835)
	at org.junit.Assert.assertEquals(Assert.java:120)
	at sfa.das.StepDefinitions.confirmActualAnchors(StepDefinitions.java:1074)
	at sfa.das.StepDefinitions.compareAndClickAnchors(StepDefinitions.java:944)
	at sfa.das.StepDefinitions.confirmPageAnchorsLite(StepDefinitions.java:930)
	at sfa.das.StepDefinitions.allINTERNSHIPSAnchorsLinkToTheCorrectPages(StepDefinitions.java:735)
	at ✽.all INTERNSHIPS anchors link to the correct pages(classpath:features/sfa/das/anchors.feature:33)
&amp#27;[0m
&amp#27;[34m2024-06-04 17:50:17&amp#27;[0;39m &amp#27;[33m[main]&amp#27;[0;39m [&amp#27;[1;31mERROR&amp#27;[0;39m] &amp#27;[36ms.d.StepDefinitions&amp#27;[0;39m   ++++ Scenario 'Confirm anchors on the INTERNSHIPS page': FAILED ++++
]]></system-out>
    <system-err><![CDATA[Jun 04, 2024 5:50:10 PM org.openqa.selenium.devtools.CdpVersionFinder findNearestMatch
WARNING: Unable to find an exact match for CDP version 125, returning the closest version; found: 121; Please update to a Selenium version that supports CDP version 125
]]></system-err>
  </testcase>
  <testcase name="Confirm anchors on the CARE_LEAVER_COVENANT page" classname="Find schemes for your business - check anchors" time="9.107">
    <system-out><![CDATA[
Scenario: Confirm anchors on the CARE_LEAVER_COVENANT page        &amp#27;[90m# features/sfa/das/anchors.feature:35&amp#27;[0m
&amp#27;[34m2024-06-04 17:50:17&amp#27;[0;39m &amp#27;[33m[main]&amp#27;[0;39m [&amp#27;[34mINFO&amp#27;[0;39m] &amp#27;[36mi.g.b.w.WebDriverManager&amp#27;[0;39m   Using chromedriver 125.0.6422.141 (resolved driver for Chrome 125)
&amp#27;[34m2024-06-04 17:50:17&amp#27;[0;39m &amp#27;[33m[main]&amp#27;[0;39m [&amp#27;[34mINFO&amp#27;[0;39m] &amp#27;[36mi.g.b.w.WebDriverManager&amp#27;[0;39m   Exporting webdriver.chrome.driver as C:\New projects\das-teach-in-further-education-acceptance-tests\browser\chromedriver\win64\125.0.6422.141\chromedriver.exe
  &amp#27;[32mGiven &amp#27;[0m&amp#27;[32mthe user navigates to the &amp#27;[0m&amp#27;[32m&amp#27;[1m"CARE_LEAVER_COVENANT"&amp#27;[0m&amp#27;[32m page&amp#27;[0m     &amp#27;[90m# sfa.das.StepDefinitions.theUserNavigatesToThePage(java.lang.String)&amp#27;[0m
&amp#27;[34m2024-06-04 17:50:25&amp#27;[0;39m &amp#27;[33m[main]&amp#27;[0;39m [&amp#27;[34mINFO&amp#27;[0;39m] &amp#27;[36ms.d.StepDefinitions&amp#27;[0;39m   link the Inclusive Employer Toolkit
&amp#27;[34m2024-06-04 17:50:25&amp#27;[0;39m &amp#27;[33m[main]&amp#27;[0;39m [&amp#27;[34mINFO&amp#27;[0;39m] &amp#27;[36ms.d.StepDefinitions&amp#27;[0;39m   link Get career ideas and browse your training options
&amp#27;[34m2024-06-04 17:50:25&amp#27;[0;39m &amp#27;[33m[main]&amp#27;[0;39m [&amp#27;[34mINFO&amp#27;[0;39m] &amp#27;[36ms.d.StepDefinitions&amp#27;[0;39m   link Benefits for your business
&amp#27;[34m2024-06-04 17:50:25&amp#27;[0;39m &amp#27;[33m[main]&amp#27;[0;39m [&amp#27;[34mINFO&amp#27;[0;39m] &amp#27;[36ms.d.StepDefinitions&amp#27;[0;39m   link Cost
&amp#27;[34m2024-06-04 17:50:26&amp#27;[0;39m &amp#27;[33m[main]&amp#27;[0;39m [&amp#27;[34mINFO&amp#27;[0;39m] &amp#27;[36ms.d.StepDefinitions&amp#27;[0;39m   link Your responsibilities
&amp#27;[34m2024-06-04 17:50:26&amp#27;[0;39m &amp#27;[33m[main]&amp#27;[0;39m [&amp#27;[34mINFO&amp#27;[0;39m] &amp#27;[36ms.d.StepDefinitions&amp#27;[0;39m   link Find out more
&amp#27;[34m2024-06-04 17:50:26&amp#27;[0;39m &amp#27;[33m[main]&amp#27;[0;39m [&amp#27;[34mINFO&amp#27;[0;39m] &amp#27;[36ms.d.StepDefinitions&amp#27;[0;39m   link Visit the Care Leaver Covenant website for more information
&amp#27;[34m2024-06-04 17:50:26&amp#27;[0;39m &amp#27;[33m[main]&amp#27;[0;39m [&amp#27;[34mINFO&amp#27;[0;39m] &amp#27;[36ms.d.StepDefinitions&amp#27;[0;39m   link info@mycovenant.org.uk
&amp#27;[34m2024-06-04 17:50:26&amp#27;[0;39m &amp#27;[33m[main]&amp#27;[0;39m [&amp#27;[34mINFO&amp#27;[0;39m] &amp#27;[36ms.d.StepDefinitions&amp#27;[0;39m   link Follow the Care Leaver Covenant on Linkedin
  &amp#27;[32mThen &amp#27;[0m&amp#27;[32mall CARE_LEAVER_COVENANT anchors link to the correct pages&amp#27;[0m &amp#27;[90m# sfa.das.StepDefinitions.allCARE_LEAVER_COVENANTAnchorsLinkToTheCorrectPages()&amp#27;[0m
&amp#27;[34m2024-06-04 17:50:26&amp#27;[0;39m &amp#27;[33m[main]&amp#27;[0;39m [&amp#27;[34mINFO&amp#27;[0;39m] &amp#27;[36ms.d.StepDefinitions&amp#27;[0;39m   ++++ Scenario 'Confirm anchors on the CARE_LEAVER_COVENANT page': PASSED ++++
]]></system-out>
    <system-err><![CDATA[Jun 04, 2024 5:50:18 PM org.openqa.selenium.devtools.CdpVersionFinder findNearestMatch
WARNING: Unable to find an exact match for CDP version 125, returning the closest version; found: 121; Please update to a Selenium version that supports CDP version 125
]]></system-err>
  </testcase>
  <testcase name="Confirm anchors on the SWAP page" classname="Find schemes for your business - check anchors" time="9.06">
    <system-out><![CDATA[
Scenario: Confirm anchors on the SWAP page        &amp#27;[90m# features/sfa/das/anchors.feature:39&amp#27;[0m
&amp#27;[34m2024-06-04 17:50:26&amp#27;[0;39m &amp#27;[33m[main]&amp#27;[0;39m [&amp#27;[34mINFO&amp#27;[0;39m] &amp#27;[36mi.g.b.w.WebDriverManager&amp#27;[0;39m   Using chromedriver 125.0.6422.141 (resolved driver for Chrome 125)
&amp#27;[34m2024-06-04 17:50:26&amp#27;[0;39m &amp#27;[33m[main]&amp#27;[0;39m [&amp#27;[34mINFO&amp#27;[0;39m] &amp#27;[36mi.g.b.w.WebDriverManager&amp#27;[0;39m   Exporting webdriver.chrome.driver as C:\New projects\das-teach-in-further-education-acceptance-tests\browser\chromedriver\win64\125.0.6422.141\chromedriver.exe
  &amp#27;[32mGiven &amp#27;[0m&amp#27;[32mthe user navigates to the &amp#27;[0m&amp#27;[32m&amp#27;[1m"SWAP"&amp#27;[0m&amp#27;[32m page&amp#27;[0m     &amp#27;[90m# sfa.das.StepDefinitions.theUserNavigatesToThePage(java.lang.String)&amp#27;[0m
&amp#27;[34m2024-06-04 17:50:35&amp#27;[0;39m &amp#27;[33m[main]&amp#27;[0;39m [&amp#27;[34mINFO&amp#27;[0;39m] &amp#27;[36ms.d.StepDefinitions&amp#27;[0;39m   link Get career ideas and browse your training options
&amp#27;[34m2024-06-04 17:50:35&amp#27;[0;39m &amp#27;[33m[main]&amp#27;[0;39m [&amp#27;[34mINFO&amp#27;[0;39m] &amp#27;[36ms.d.StepDefinitions&amp#27;[0;39m   link Benefits for your business
&amp#27;[34m2024-06-04 17:50:35&amp#27;[0;39m &amp#27;[33m[main]&amp#27;[0;39m [&amp#27;[34mINFO&amp#27;[0;39m] &amp#27;[36ms.d.StepDefinitions&amp#27;[0;39m   link Cost
&amp#27;[34m2024-06-04 17:50:35&amp#27;[0;39m &amp#27;[33m[main]&amp#27;[0;39m [&amp#27;[34mINFO&amp#27;[0;39m] &amp#27;[36ms.d.StepDefinitions&amp#27;[0;39m   link Your responsibilities
&amp#27;[34m2024-06-04 17:50:35&amp#27;[0;39m &amp#27;[33m[main]&amp#27;[0;39m [&amp#27;[34mINFO&amp#27;[0;39m] &amp#27;[36ms.d.StepDefinitions&amp#27;[0;39m   link Find out more
&amp#27;[34m2024-06-04 17:50:35&amp#27;[0;39m &amp#27;[33m[main]&amp#27;[0;39m [&amp#27;[34mINFO&amp#27;[0;39m] &amp#27;[36ms.d.StepDefinitions&amp#27;[0;39m   link read the employer guide on GOV.UK
&amp#27;[34m2024-06-04 17:50:35&amp#27;[0;39m &amp#27;[33m[main]&amp#27;[0;39m [&amp#27;[34mINFO&amp#27;[0;39m] &amp#27;[36ms.d.StepDefinitions&amp#27;[0;39m   link contact the Employer Services Line
  &amp#27;[32mThen &amp#27;[0m&amp#27;[32mall SWAP anchors link to the correct pages&amp#27;[0m &amp#27;[90m# sfa.das.StepDefinitions.allSWAPAnchorsLinkToTheCorrectPages()&amp#27;[0m
&amp#27;[34m2024-06-04 17:50:35&amp#27;[0;39m &amp#27;[33m[main]&amp#27;[0;39m [&amp#27;[34mINFO&amp#27;[0;39m] &amp#27;[36ms.d.StepDefinitions&amp#27;[0;39m   ++++ Scenario 'Confirm anchors on the SWAP page': PASSED ++++
]]></system-out>
    <system-err><![CDATA[Jun 04, 2024 5:50:27 PM org.openqa.selenium.devtools.CdpVersionFinder findNearestMatch
WARNING: Unable to find an exact match for CDP version 125, returning the closest version; found: 121; Please update to a Selenium version that supports CDP version 125
]]></system-err>
  </testcase>
  <testcase name="Confirm anchors on the PRISONERS page" classname="Find schemes for your business - check anchors" time="9.513">
    <system-out><![CDATA[
Scenario: Confirm anchors on the PRISONERS page        &amp#27;[90m# features/sfa/das/anchors.feature:43&amp#27;[0m
&amp#27;[34m2024-06-04 17:50:35&amp#27;[0;39m &amp#27;[33m[main]&amp#27;[0;39m [&amp#27;[34mINFO&amp#27;[0;39m] &amp#27;[36mi.g.b.w.WebDriverManager&amp#27;[0;39m   Using chromedriver 125.0.6422.141 (resolved driver for Chrome 125)
&amp#27;[34m2024-06-04 17:50:35&amp#27;[0;39m &amp#27;[33m[main]&amp#27;[0;39m [&amp#27;[34mINFO&amp#27;[0;39m] &amp#27;[36mi.g.b.w.WebDriverManager&amp#27;[0;39m   Exporting webdriver.chrome.driver as C:\New projects\das-teach-in-further-education-acceptance-tests\browser\chromedriver\win64\125.0.6422.141\chromedriver.exe
  &amp#27;[32mGiven &amp#27;[0m&amp#27;[32mthe user navigates to the &amp#27;[0m&amp#27;[32m&amp#27;[1m"PRISONERS"&amp#27;[0m&amp#27;[32m page&amp#27;[0m     &amp#27;[90m# sfa.das.StepDefinitions.theUserNavigatesToThePage(java.lang.String)&amp#27;[0m
&amp#27;[34m2024-06-04 17:50:44&amp#27;[0;39m &amp#27;[33m[main]&amp#27;[0;39m [&amp#27;[34mINFO&amp#27;[0;39m] &amp#27;[36ms.d.StepDefinitions&amp#27;[0;39m   link Get career ideas and browse your training options
&amp#27;[34m2024-06-04 17:50:44&amp#27;[0;39m &amp#27;[33m[main]&amp#27;[0;39m [&amp#27;[34mINFO&amp#27;[0;39m] &amp#27;[36ms.d.StepDefinitions&amp#27;[0;39m   link Benefits for your business
&amp#27;[34m2024-06-04 17:50:44&amp#27;[0;39m &amp#27;[33m[main]&amp#27;[0;39m [&amp#27;[34mINFO&amp#27;[0;39m] &amp#27;[36ms.d.StepDefinitions&amp#27;[0;39m   link Case studies
&amp#27;[34m2024-06-04 17:50:44&amp#27;[0;39m &amp#27;[33m[main]&amp#27;[0;39m [&amp#27;[34mINFO&amp#27;[0;39m] &amp#27;[36ms.d.StepDefinitions&amp#27;[0;39m   link Cost
&amp#27;[34m2024-06-04 17:50:44&amp#27;[0;39m &amp#27;[33m[main]&amp#27;[0;39m [&amp#27;[34mINFO&amp#27;[0;39m] &amp#27;[36ms.d.StepDefinitions&amp#27;[0;39m   link Your responsibilities
&amp#27;[34m2024-06-04 17:50:44&amp#27;[0;39m &amp#27;[33m[main]&amp#27;[0;39m [&amp#27;[34mINFO&amp#27;[0;39m] &amp#27;[36ms.d.StepDefinitions&amp#27;[0;39m   link Find out more
&amp#27;[34m2024-06-04 17:50:44&amp#27;[0;39m &amp#27;[33m[main]&amp#27;[0;39m [&amp#27;[34mINFO&amp#27;[0;39m] &amp#27;[36ms.d.StepDefinitions&amp#27;[0;39m   link New Futures Network website
&amp#27;[34m2024-06-04 17:50:44&amp#27;[0;39m &amp#27;[33m[main]&amp#27;[0;39m [&amp#27;[34mINFO&amp#27;[0;39m] &amp#27;[36ms.d.StepDefinitions&amp#27;[0;39m   link Read guidance on employing prisoners and ex-offenders
&amp#27;[34m2024-06-04 17:50:44&amp#27;[0;39m &amp#27;[33m[main]&amp#27;[0;39m [&amp#27;[34mINFO&amp#27;[0;39m] &amp#27;[36ms.d.StepDefinitions&amp#27;[0;39m   link Follow New Futures Network on Linkedin
  &amp#27;[32mThen &amp#27;[0m&amp#27;[32mall PRISONERS anchors link to the correct pages&amp#27;[0m &amp#27;[90m# sfa.das.StepDefinitions.allPRISONERSAnchorsLinkToTheCorrectPages()&amp#27;[0m
&amp#27;[34m2024-06-04 17:50:44&amp#27;[0;39m &amp#27;[33m[main]&amp#27;[0;39m [&amp#27;[34mINFO&amp#27;[0;39m] &amp#27;[36ms.d.StepDefinitions&amp#27;[0;39m   ++++ Scenario 'Confirm anchors on the PRISONERS page': PASSED ++++
]]></system-out>
    <system-err><![CDATA[Jun 04, 2024 5:50:36 PM org.openqa.selenium.devtools.CdpVersionFinder findNearestMatch
WARNING: Unable to find an exact match for CDP version 125, returning the closest version; found: 121; Please update to a Selenium version that supports CDP version 125
]]></system-err>
  </testcase>
  <testcase name="Confirm anchors on the FREE_COURSES page and all explore section" classname="Find schemes for your business - check anchors" time="18.025">
    <system-out><![CDATA[
Scenario: Confirm anchors on the FREE_COURSES page and all explore section        &amp#27;[90m# features/sfa/das/anchors.feature:47&amp#27;[0m
&amp#27;[34m2024-06-04 17:50:45&amp#27;[0;39m &amp#27;[33m[main]&amp#27;[0;39m [&amp#27;[34mINFO&amp#27;[0;39m] &amp#27;[36mi.g.b.w.WebDriverManager&amp#27;[0;39m   Using chromedriver 125.0.6422.141 (resolved driver for Chrome 125)
&amp#27;[34m2024-06-04 17:50:45&amp#27;[0;39m &amp#27;[33m[main]&amp#27;[0;39m [&amp#27;[34mINFO&amp#27;[0;39m] &amp#27;[36mi.g.b.w.WebDriverManager&amp#27;[0;39m   Exporting webdriver.chrome.driver as C:\New projects\das-teach-in-further-education-acceptance-tests\browser\chromedriver\win64\125.0.6422.141\chromedriver.exe
  &amp#27;[32mGiven &amp#27;[0m&amp#27;[32mthe user navigates to the &amp#27;[0m&amp#27;[32m&amp#27;[1m"FREE_COURSES"&amp#27;[0m&amp#27;[32m page&amp#27;[0m                             &amp#27;[90m# sfa.das.StepDefinitions.theUserNavigatesToThePage(java.lang.String)&amp#27;[0m
&amp#27;[34m2024-06-04 17:50:54&amp#27;[0;39m &amp#27;[33m[main]&amp#27;[0;39m [&amp#27;[34mINFO&amp#27;[0;39m] &amp#27;[36ms.d.StepDefinitions&amp#27;[0;39m   link Level 3 free courses for jobs
&amp#27;[34m2024-06-04 17:50:54&amp#27;[0;39m &amp#27;[33m[main]&amp#27;[0;39m [&amp#27;[34mINFO&amp#27;[0;39m] &amp#27;[36ms.d.StepDefinitions&amp#27;[0;39m   link Get career ideas and browse your training options
&amp#27;[34m2024-06-04 17:50:55&amp#27;[0;39m &amp#27;[33m[main]&amp#27;[0;39m [&amp#27;[34mINFO&amp#27;[0;39m] &amp#27;[36ms.d.StepDefinitions&amp#27;[0;39m   link Benefits for your business
&amp#27;[34m2024-06-04 17:50:55&amp#27;[0;39m &amp#27;[33m[main]&amp#27;[0;39m [&amp#27;[34mINFO&amp#27;[0;39m] &amp#27;[36ms.d.StepDefinitions&amp#27;[0;39m   link Cost
&amp#27;[34m2024-06-04 17:50:55&amp#27;[0;39m &amp#27;[33m[main]&amp#27;[0;39m [&amp#27;[34mINFO&amp#27;[0;39m] &amp#27;[36ms.d.StepDefinitions&amp#27;[0;39m   link Your responsibilities
&amp#27;[34m2024-06-04 17:50:55&amp#27;[0;39m &amp#27;[33m[main]&amp#27;[0;39m [&amp#27;[34mINFO&amp#27;[0;39m] &amp#27;[36ms.d.StepDefinitions&amp#27;[0;39m   link Find out more
&amp#27;[34m2024-06-04 17:50:55&amp#27;[0;39m &amp#27;[33m[main]&amp#27;[0;39m [&amp#27;[34mINFO&amp#27;[0;39m] &amp#27;[36ms.d.StepDefinitions&amp#27;[0;39m   link Find out who is eligible for free Level 3 courses
&amp#27;[34m2024-06-04 17:50:55&amp#27;[0;39m &amp#27;[33m[main]&amp#27;[0;39m [&amp#27;[34mINFO&amp#27;[0;39m] &amp#27;[36ms.d.StepDefinitions&amp#27;[0;39m   link Find a course on the National Careers Service website
&amp#27;[34m2024-06-04 17:50:55&amp#27;[0;39m &amp#27;[33m[main]&amp#27;[0;39m [&amp#27;[34mINFO&amp#27;[0;39m] &amp#27;[36ms.d.StepDefinitions&amp#27;[0;39m   link Apprenticeships
&amp#27;[34m2024-06-04 17:50:55&amp#27;[0;39m &amp#27;[33m[main]&amp#27;[0;39m [&amp#27;[34mINFO&amp#27;[0;39m] &amp#27;[36ms.d.StepDefinitions&amp#27;[0;39m   link T Levels: industry placements
&amp#27;[34m2024-06-04 17:50:56&amp#27;[0;39m &amp#27;[33m[main]&amp#27;[0;39m [&amp#27;[34mINFO&amp#27;[0;39m] &amp#27;[36ms.d.StepDefinitions&amp#27;[0;39m   link Skills Bootcamps
&amp#27;[34m2024-06-04 17:50:57&amp#27;[0;39m &amp#27;[33m[main]&amp#27;[0;39m [&amp#27;[34mINFO&amp#27;[0;39m] &amp#27;[36ms.d.StepDefinitions&amp#27;[0;39m   link Multiply
&amp#27;[34m2024-06-04 17:50:57&amp#27;[0;39m &amp#27;[33m[main]&amp#27;[0;39m [&amp#27;[34mINFO&amp#27;[0;39m] &amp#27;[36ms.d.StepDefinitions&amp#27;[0;39m   link Higher Technical Qualifications (HTQs)
&amp#27;[34m2024-06-04 17:50:58&amp#27;[0;39m &amp#27;[33m[main]&amp#27;[0;39m [&amp#27;[34mINFO&amp#27;[0;39m] &amp#27;[36ms.d.StepDefinitions&amp#27;[0;39m   link Care Leaver Covenant
&amp#27;[34m2024-06-04 17:50:59&amp#27;[0;39m &amp#27;[33m[main]&amp#27;[0;39m [&amp#27;[34mINFO&amp#27;[0;39m] &amp#27;[36ms.d.StepDefinitions&amp#27;[0;39m   link Supported internships for learners with an education, health and care plan
&amp#27;[34m2024-06-04 17:51:00&amp#27;[0;39m &amp#27;[33m[main]&amp#27;[0;39m [&amp#27;[34mINFO&amp#27;[0;39m] &amp#27;[36ms.d.StepDefinitions&amp#27;[0;39m   link Sector-based Work Academy Programme (SWAP)
&amp#27;[34m2024-06-04 17:51:00&amp#27;[0;39m &amp#27;[33m[main]&amp#27;[0;39m [&amp#27;[34mINFO&amp#27;[0;39m] &amp#27;[36ms.d.StepDefinitions&amp#27;[0;39m   link Employing prisoners and prison leavers
  &amp#27;[32mThen &amp#27;[0m&amp#27;[32mall FREE_COURSES anchors link to the correct pages and all explore section&amp#27;[0m &amp#27;[90m# sfa.das.StepDefinitions.allFREE_COURSESAnchorsLinkToTheCorrectPageAndAllExploreSection()&amp#27;[0m
&amp#27;[34m2024-06-04 17:51:01&amp#27;[0;39m &amp#27;[33m[main]&amp#27;[0;39m [&amp#27;[34mINFO&amp#27;[0;39m] &amp#27;[36ms.d.StepDefinitions&amp#27;[0;39m   ++++ Scenario 'Confirm anchors on the FREE_COURSES page and all explore section': PASSED ++++
]]></system-out>
    <system-err><![CDATA[Jun 04, 2024 5:50:46 PM org.openqa.selenium.devtools.CdpVersionFinder findNearestMatch
WARNING: Unable to find an exact match for CDP version 125, returning the closest version; found: 121; Please update to a Selenium version that supports CDP version 125
]]></system-err>
  </testcase>
  <testcase name="Confirm anchors on the CONTACT page" classname="Find schemes for your business - check anchors" time="9.254">
    <system-out><![CDATA[
Scenario: Confirm anchors on the CONTACT page        &amp#27;[90m# features/sfa/das/anchors.feature:51&amp#27;[0m
&amp#27;[34m2024-06-04 17:51:03&amp#27;[0;39m &amp#27;[33m[main]&amp#27;[0;39m [&amp#27;[34mINFO&amp#27;[0;39m] &amp#27;[36mi.g.b.w.WebDriverManager&amp#27;[0;39m   Using chromedriver 125.0.6422.141 (resolved driver for Chrome 125)
&amp#27;[34m2024-06-04 17:51:03&amp#27;[0;39m &amp#27;[33m[main]&amp#27;[0;39m [&amp#27;[34mINFO&amp#27;[0;39m] &amp#27;[36mi.g.b.w.WebDriverManager&amp#27;[0;39m   Exporting webdriver.chrome.driver as C:\New projects\das-teach-in-further-education-acceptance-tests\browser\chromedriver\win64\125.0.6422.141\chromedriver.exe
  &amp#27;[32mGiven &amp#27;[0m&amp#27;[32mthe user navigates to the &amp#27;[0m&amp#27;[32m&amp#27;[1m"CONTACT"&amp#27;[0m&amp#27;[32m page&amp#27;[0m     &amp#27;[90m# sfa.das.StepDefinitions.theUserNavigatesToThePage(java.lang.String)&amp#27;[0m
&amp#27;[34m2024-06-04 17:51:11&amp#27;[0;39m &amp#27;[33m[main]&amp#27;[0;39m [&amp#27;[34mINFO&amp#27;[0;39m] &amp#27;[36ms.d.StepDefinitions&amp#27;[0;39m   link Call charges and phone numbers - GOV.UK (www.gov.uk)
&amp#27;[34m2024-06-04 17:51:11&amp#27;[0;39m &amp#27;[33m[main]&amp#27;[0;39m [&amp#27;[34mINFO&amp#27;[0;39m] &amp#27;[36ms.d.StepDefinitions&amp#27;[0;39m   link employer.enquiries@education.gov.uk
&amp#27;[34m2024-06-04 17:51:11&amp#27;[0;39m &amp#27;[33m[main]&amp#27;[0;39m [&amp#27;[34mINFO&amp#27;[0;39m] &amp#27;[36ms.d.StepDefinitions&amp#27;[0;39m   link Tlevel.placement@education.gov.uk
&amp#27;[34m2024-06-04 17:51:11&amp#27;[0;39m &amp#27;[33m[main]&amp#27;[0;39m [&amp#27;[34mINFO&amp#27;[0;39m] &amp#27;[36ms.d.StepDefinitions&amp#27;[0;39m   link multiply.localallocations@education.gov.uk
&amp#27;[34m2024-06-04 17:51:11&amp#27;[0;39m &amp#27;[33m[main]&amp#27;[0;39m [&amp#27;[34mINFO&amp#27;[0;39m] &amp#27;[36ms.d.StepDefinitions&amp#27;[0;39m   link Scheme course finder
&amp#27;[34m2024-06-04 17:51:11&amp#27;[0;39m &amp#27;[33m[main]&amp#27;[0;39m [&amp#27;[34mINFO&amp#27;[0;39m] &amp#27;[36ms.d.StepDefinitions&amp#27;[0;39m   link info@mycovenant.org.uk
  &amp#27;[32mThen &amp#27;[0m&amp#27;[32mall CONTACT anchors link to the correct pages&amp#27;[0m &amp#27;[90m# sfa.das.StepDefinitions.allCONTACTAnchorsLinkToTheCorrectPages()&amp#27;[0m
&amp#27;[34m2024-06-04 17:51:11&amp#27;[0;39m &amp#27;[33m[main]&amp#27;[0;39m [&amp#27;[34mINFO&amp#27;[0;39m] &amp#27;[36ms.d.StepDefinitions&amp#27;[0;39m   ++++ Scenario 'Confirm anchors on the CONTACT page': PASSED ++++
]]></system-out>
    <system-err><![CDATA[Jun 04, 2024 5:51:04 PM org.openqa.selenium.devtools.CdpVersionFinder findNearestMatch
WARNING: Unable to find an exact match for CDP version 125, returning the closest version; found: 121; Please update to a Selenium version that supports CDP version 125
]]></system-err>
  </testcase>
  <testcase name="Confirm anchors on the ACCESSIBILITY page" classname="Find schemes for your business - check anchors" time="9.535">
    <system-out><![CDATA[
Scenario: Confirm anchors on the ACCESSIBILITY page        &amp#27;[90m# features/sfa/das/anchors.feature:55&amp#27;[0m
&amp#27;[34m2024-06-04 17:51:12&amp#27;[0;39m &amp#27;[33m[main]&amp#27;[0;39m [&amp#27;[34mINFO&amp#27;[0;39m] &amp#27;[36mi.g.b.w.WebDriverManager&amp#27;[0;39m   Using chromedriver 125.0.6422.141 (resolved driver for Chrome 125)
&amp#27;[34m2024-06-04 17:51:12&amp#27;[0;39m &amp#27;[33m[main]&amp#27;[0;39m [&amp#27;[34mINFO&amp#27;[0;39m] &amp#27;[36mi.g.b.w.WebDriverManager&amp#27;[0;39m   Exporting webdriver.chrome.driver as C:\New projects\das-teach-in-further-education-acceptance-tests\browser\chromedriver\win64\125.0.6422.141\chromedriver.exe
  &amp#27;[32mGiven &amp#27;[0m&amp#27;[32mthe user navigates to the &amp#27;[0m&amp#27;[32m&amp#27;[1m"ACCESSIBILITY"&amp#27;[0m&amp#27;[32m page&amp#27;[0m     &amp#27;[90m# sfa.das.StepDefinitions.theUserNavigatesToThePage(java.lang.String)&amp#27;[0m
&amp#27;[34m2024-06-04 17:51:20&amp#27;[0;39m &amp#27;[33m[main]&amp#27;[0;39m [&amp#27;[34mINFO&amp#27;[0;39m] &amp#27;[36ms.d.StepDefinitions&amp#27;[0;39m   link AbilityNet
&amp#27;[34m2024-06-04 17:51:20&amp#27;[0;39m &amp#27;[33m[main]&amp#27;[0;39m [&amp#27;[34mINFO&amp#27;[0;39m] &amp#27;[36ms.d.StepDefinitions&amp#27;[0;39m   link Customer.EXPERIENCE@service.education.gov.uk
&amp#27;[34m2024-06-04 17:51:20&amp#27;[0;39m &amp#27;[33m[main]&amp#27;[0;39m [&amp#27;[34mINFO&amp#27;[0;39m] &amp#27;[36ms.d.StepDefinitions&amp#27;[0;39m   link Customer.EXPERIENCE@service.education.gov.uk
&amp#27;[34m2024-06-04 17:51:21&amp#27;[0;39m &amp#27;[33m[main]&amp#27;[0;39m [&amp#27;[34mINFO&amp#27;[0;39m] &amp#27;[36ms.d.StepDefinitions&amp#27;[0;39m   link contact the Equality Advisory and Support Service (EASS)
&amp#27;[34m2024-06-04 17:51:21&amp#27;[0;39m &amp#27;[33m[main]&amp#27;[0;39m [&amp#27;[34mINFO&amp#27;[0;39m] &amp#27;[36ms.d.StepDefinitions&amp#27;[0;39m   link Web Content Accessibility Guidelines version 2.2 AA standard
&amp#27;[34m2024-06-04 17:51:21&amp#27;[0;39m &amp#27;[33m[main]&amp#27;[0;39m [&amp#27;[34mINFO&amp#27;[0;39m] &amp#27;[36ms.d.StepDefinitions&amp#27;[0;39m   link Web Content Accessibility Guidelines version 2.2 AA standard
  &amp#27;[32mThen &amp#27;[0m&amp#27;[32mall ACCESSIBILITY anchors link to the correct pages&amp#27;[0m &amp#27;[90m# sfa.das.StepDefinitions.allACCESSIBILITYAnchorsLinkToTheCorrectPages()&amp#27;[0m
&amp#27;[34m2024-06-04 17:51:21&amp#27;[0;39m &amp#27;[33m[main]&amp#27;[0;39m [&amp#27;[34mINFO&amp#27;[0;39m] &amp#27;[36ms.d.StepDefinitions&amp#27;[0;39m   ++++ Scenario 'Confirm anchors on the ACCESSIBILITY page': PASSED ++++
]]></system-out>
    <system-err><![CDATA[Jun 04, 2024 5:51:13 PM org.openqa.selenium.devtools.CdpVersionFinder findNearestMatch
WARNING: Unable to find an exact match for CDP version 125, returning the closest version; found: 121; Please update to a Selenium version that supports CDP version 125
]]></system-err>
  </testcase>
  <testcase name="Confirm anchors on the PAGE_NOT_FOUND page" classname="Find schemes for your business - check anchors" time="9.503">
    <system-out><![CDATA[
Scenario: Confirm anchors on the PAGE_NOT_FOUND page        &amp#27;[90m# features/sfa/das/anchors.feature:59&amp#27;[0m
&amp#27;[34m2024-06-04 17:51:21&amp#27;[0;39m &amp#27;[33m[main]&amp#27;[0;39m [&amp#27;[34mINFO&amp#27;[0;39m] &amp#27;[36mi.g.b.w.WebDriverManager&amp#27;[0;39m   Using chromedriver 125.0.6422.141 (resolved driver for Chrome 125)
&amp#27;[34m2024-06-04 17:51:21&amp#27;[0;39m &amp#27;[33m[main]&amp#27;[0;39m [&amp#27;[34mINFO&amp#27;[0;39m] &amp#27;[36mi.g.b.w.WebDriverManager&amp#27;[0;39m   Exporting webdriver.chrome.driver as C:\New projects\das-teach-in-further-education-acceptance-tests\browser\chromedriver\win64\125.0.6422.141\chromedriver.exe
  &amp#27;[32mGiven &amp#27;[0m&amp#27;[32mthe user navigates to the &amp#27;[0m&amp#27;[32m&amp#27;[1m"PAGE_NOT_FOUND"&amp#27;[0m&amp#27;[32m page&amp#27;[0m     &amp#27;[90m# sfa.das.StepDefinitions.theUserNavigatesToThePage(java.lang.String)&amp#27;[0m
&amp#27;[34m2024-06-04 17:51:30&amp#27;[0;39m &amp#27;[33m[main]&amp#27;[0;39m [&amp#27;[34mINFO&amp#27;[0;39m] &amp#27;[36ms.d.StepDefinitions&amp#27;[0;39m   link Home page
  &amp#27;[32mThen &amp#27;[0m&amp#27;[32mall PAGE_NOT_FOUND anchors link to the correct pages&amp#27;[0m &amp#27;[90m# sfa.das.StepDefinitions.allPAGE_NOT_FOUNDAnchorsLinkToTheCorrectPages()&amp#27;[0m
&amp#27;[34m2024-06-04 17:51:30&amp#27;[0;39m &amp#27;[33m[main]&amp#27;[0;39m [&amp#27;[34mINFO&amp#27;[0;39m] &amp#27;[36ms.d.StepDefinitions&amp#27;[0;39m   ++++ Scenario 'Confirm anchors on the PAGE_NOT_FOUND page': PASSED ++++
]]></system-out>
    <system-err><![CDATA[Jun 04, 2024 5:51:23 PM org.openqa.selenium.devtools.CdpVersionFinder findNearestMatch
WARNING: Unable to find an exact match for CDP version 125, returning the closest version; found: 121; Please update to a Selenium version that supports CDP version 125
]]></system-err>
  </testcase>
  <testcase name="Confirm compare of schemes" classname="Find schemes for your business - compare" time="15.167">
    <system-out><![CDATA[
Scenario: Confirm compare of schemes                  &amp#27;[90m# features/sfa/das/compare.feature:3&amp#27;[0m
&amp#27;[34m2024-06-04 17:51:31&amp#27;[0;39m &amp#27;[33m[main]&amp#27;[0;39m [&amp#27;[34mINFO&amp#27;[0;39m] &amp#27;[36mi.g.b.w.WebDriverManager&amp#27;[0;39m   Using chromedriver 125.0.6422.141 (resolved driver for Chrome 125)
&amp#27;[34m2024-06-04 17:51:31&amp#27;[0;39m &amp#27;[33m[main]&amp#27;[0;39m [&amp#27;[34mINFO&amp#27;[0;39m] &amp#27;[36mi.g.b.w.WebDriverManager&amp#27;[0;39m   Exporting webdriver.chrome.driver as C:\New projects\das-teach-in-further-education-acceptance-tests\browser\chromedriver\win64\125.0.6422.141\chromedriver.exe
  &amp#27;[32mGiven &amp#27;[0m&amp#27;[32mthe user navigates to the &amp#27;[0m&amp#27;[32m&amp#27;[1m"FIND_SCHEMES"&amp#27;[0m&amp#27;[32m page&amp#27;[0m &amp#27;[90m# sfa.das.StepDefinitions.theUserNavigatesToThePage(java.lang.String)&amp#27;[0m
  &amp#27;[32mWhen &amp#27;[0m&amp#27;[32mthe user wants to compare the schemes&amp#27;[0m          &amp#27;[90m# sfa.das.StepDefinitions.theUserWantsToCompareTheSchemes()&amp#27;[0m
&amp#27;[34m2024-06-04 17:51:40&amp#27;[0;39m &amp#27;[33m[main]&amp#27;[0;39m [&amp#27;[34mINFO&amp#27;[0;39m] &amp#27;[36ms.d.StepDefinitions&amp#27;[0;39m   link Apprenticeships
&amp#27;[34m2024-06-04 17:51:40&amp#27;[0;39m &amp#27;[33m[main]&amp#27;[0;39m [&amp#27;[34mINFO&amp#27;[0;39m] &amp#27;[36ms.d.StepDefinitions&amp#27;[0;39m   link T Levels
&amp#27;[34m2024-06-04 17:51:41&amp#27;[0;39m &amp#27;[33m[main]&amp#27;[0;39m [&amp#27;[34mINFO&amp#27;[0;39m] &amp#27;[36ms.d.StepDefinitions&amp#27;[0;39m   link Skills Bootcamps
&amp#27;[34m2024-06-04 17:51:41&amp#27;[0;39m &amp#27;[33m[main]&amp#27;[0;39m [&amp#27;[34mINFO&amp#27;[0;39m] &amp#27;[36ms.d.StepDefinitions&amp#27;[0;39m   link Multiply
&amp#27;[34m2024-06-04 17:51:42&amp#27;[0;39m &amp#27;[33m[main]&amp#27;[0;39m [&amp#27;[34mINFO&amp#27;[0;39m] &amp#27;[36ms.d.StepDefinitions&amp#27;[0;39m   link HTQs
&amp#27;[34m2024-06-04 17:51:43&amp#27;[0;39m &amp#27;[33m[main]&amp#27;[0;39m [&amp#27;[34mINFO&amp#27;[0;39m] &amp#27;[36ms.d.StepDefinitions&amp#27;[0;39m   link Free courses for jobs
&amp#27;[34m2024-06-04 17:51:43&amp#27;[0;39m &amp#27;[33m[main]&amp#27;[0;39m [&amp#27;[34mINFO&amp#27;[0;39m] &amp#27;[36ms.d.StepDefinitions&amp#27;[0;39m   link Care Leaver Covenant
&amp#27;[34m2024-06-04 17:51:44&amp#27;[0;39m &amp#27;[33m[main]&amp#27;[0;39m [&amp#27;[34mINFO&amp#27;[0;39m] &amp#27;[36ms.d.StepDefinitions&amp#27;[0;39m   link Supported internships
&amp#27;[34m2024-06-04 17:51:45&amp#27;[0;39m &amp#27;[33m[main]&amp#27;[0;39m [&amp#27;[34mINFO&amp#27;[0;39m] &amp#27;[36ms.d.StepDefinitions&amp#27;[0;39m   link SWAPs
&amp#27;[34m2024-06-04 17:51:45&amp#27;[0;39m &amp#27;[33m[main]&amp#27;[0;39m [&amp#27;[34mINFO&amp#27;[0;39m] &amp#27;[36ms.d.StepDefinitions&amp#27;[0;39m   link Employing prisoners and prison leavers
  &amp#27;[32mThen &amp#27;[0m&amp#27;[32mthey see all the schemes compared&amp#27;[0m              &amp#27;[90m# sfa.das.StepDefinitions.theySeeAllTheSchemesCompared()&amp#27;[0m
&amp#27;[34m2024-06-04 17:51:46&amp#27;[0;39m &amp#27;[33m[main]&amp#27;[0;39m [&amp#27;[34mINFO&amp#27;[0;39m] &amp#27;[36ms.d.StepDefinitions&amp#27;[0;39m   ++++ Scenario 'Confirm compare of schemes': PASSED ++++
]]></system-out>
    <system-err><![CDATA[Jun 04, 2024 5:51:32 PM org.openqa.selenium.devtools.CdpVersionFinder findNearestMatch
WARNING: Unable to find an exact match for CDP version 125, returning the closest version; found: 121; Please update to a Selenium version that supports CDP version 125
]]></system-err>
  </testcase>
  <testcase name="Confirm filter on the FIND_SCHEMES page" classname="Find schemes for your business - check filter" time="831.834">
    <error message="element click intercepted: Element &lt;input class=&quot;govuk-checkboxes__input&quot; id=&quot;cost--free&quot; name=&quot;FilterAspects&quot; type=&quot;checkbox&quot; value=&quot;cost--free&quot;&gt; is not clickable at point (460, 903). Other element would receive the click: &lt;div id=&quot;scheme-filter-options&quot; class=&quot;das-filter__body&quot;&gt;...&lt;/div&gt;&#10;  (Session info: chrome=125.0.6422.78)&#10;Build info: version: &apos;4.17.0&apos;, revision: &apos;e52b1be057*&apos;&#10;System info: os.name: &apos;Windows 10&apos;, os.arch: &apos;amd64&apos;, os.version: &apos;10.0&apos;, java.version: &apos;22.0.1&apos;&#10;Driver info: org.openqa.selenium.chrome.ChromeDriver&#10;Command: [3af23a5c9340cd2e5bf3268c4eabae53, clickElement {id=f.20F769A1FC06129F49738472A727F9B2.d.2D4D38290B478247F6B3CBF620703CCF.e.10636}]&#10;Capabilities {acceptInsecureCerts: false, browserName: chrome, browserVersion: 125.0.6422.78, chrome: {chromedriverVersion: 125.0.6422.141 (4b1e8393712..., userDataDir: C:\Users\manoj\AppData\Loca...}, fedcm:accounts: true, goog:chromeOptions: {debuggerAddress: localhost:18423}, networkConnectionEnabled: false, pageLoadStrategy: normal, platformName: windows, proxy: Proxy(), se:cdp: ws://localhost:18423/devtoo..., se:cdpVersion: 125.0.6422.78, setWindowRect: true, strictFileInteractability: false, timeouts: {implicit: 0, pageLoad: 300000, script: 30000}, unhandledPromptBehavior: dismiss and notify, webauthn:extension:credBlob: true, webauthn:extension:largeBlob: true, webauthn:extension:minPinLength: true, webauthn:extension:prf: true, webauthn:virtualAuthenticators: true}&#10;Element: [[ChromeDriver: chrome on windows (3af23a5c9340cd2e5bf3268c4eabae53)] -&gt; id: cost--free]&#10;Session ID: 3af23a5c9340cd2e5bf3268c4eabae53" type="org.openqa.selenium.ElementClickInterceptedException"><![CDATA[org.openqa.selenium.ElementClickInterceptedException: 
element click intercepted: Element <input class="govuk-checkboxes__input" id="cost--free" name="FilterAspects" type="checkbox" value="cost--free"> is not clickable at point (460, 903). Other element would receive the click: <div id="scheme-filter-options" class="das-filter__body">...</div>
  (Session info: chrome=125.0.6422.78)
Build info: version: '4.17.0', revision: 'e52b1be057*'
System info: os.name: 'Windows 10', os.arch: 'amd64', os.version: '10.0', java.version: '22.0.1'
Driver info: org.openqa.selenium.chrome.ChromeDriver
Command: [3af23a5c9340cd2e5bf3268c4eabae53, clickElement {id=f.20F769A1FC06129F49738472A727F9B2.d.2D4D38290B478247F6B3CBF620703CCF.e.10636}]
Capabilities {acceptInsecureCerts: false, browserName: chrome, browserVersion: 125.0.6422.78, chrome: {chromedriverVersion: 125.0.6422.141 (4b1e8393712..., userDataDir: C:\Users\manoj\AppData\Loca...}, fedcm:accounts: true, goog:chromeOptions: {debuggerAddress: localhost:18423}, networkConnectionEnabled: false, pageLoadStrategy: normal, platformName: windows, proxy: Proxy(), se:cdp: ws://localhost:18423/devtoo..., se:cdpVersion: 125.0.6422.78, setWindowRect: true, strictFileInteractability: false, timeouts: {implicit: 0, pageLoad: 300000, script: 30000}, unhandledPromptBehavior: dismiss and notify, webauthn:extension:credBlob: true, webauthn:extension:largeBlob: true, webauthn:extension:minPinLength: true, webauthn:extension:prf: true, webauthn:virtualAuthenticators: true}
Element: [[ChromeDriver: chrome on windows (3af23a5c9340cd2e5bf3268c4eabae53)] -> id: cost--free]
Session ID: 3af23a5c9340cd2e5bf3268c4eabae53
	at java.base/jdk.internal.reflect.DirectConstructorHandleAccessor.newInstance(DirectConstructorHandleAccessor.java:62)
	at java.base/java.lang.reflect.Constructor.newInstanceWithCaller(Constructor.java:502)
	at java.base/java.lang.reflect.Constructor.newInstance(Constructor.java:486)
	at org.openqa.selenium.remote.codec.w3c.W3CHttpResponseCodec.createException(W3CHttpResponseCodec.java:185)
	at org.openqa.selenium.remote.codec.w3c.W3CHttpResponseCodec.decode(W3CHttpResponseCodec.java:134)
	at org.openqa.selenium.remote.codec.w3c.W3CHttpResponseCodec.decode(W3CHttpResponseCodec.java:51)
	at org.openqa.selenium.remote.HttpCommandExecutor.execute(HttpCommandExecutor.java:190)
	at org.openqa.selenium.remote.service.DriverCommandExecutor.invokeExecute(DriverCommandExecutor.java:216)
	at org.openqa.selenium.remote.service.DriverCommandExecutor.execute(DriverCommandExecutor.java:174)
	at org.openqa.selenium.remote.RemoteWebDriver.execute(RemoteWebDriver.java:519)
	at org.openqa.selenium.remote.RemoteWebElement.execute(RemoteWebElement.java:223)
	at org.openqa.selenium.remote.RemoteWebElement.click(RemoteWebElement.java:76)
	at sfa.das.StepDefinitions.checkboxCombo(StepDefinitions.java:1328)
	at sfa.das.StepDefinitions.filterReportsTheCorrectData(StepDefinitions.java:1270)
	at ✽.filter reports the correct data(classpath:features/sfa/das/filter.feature:5)
]]></error>
    <system-out><![CDATA[
Scenario: Confirm filter on the FIND_SCHEMES page     &amp#27;[90m# features/sfa/das/filter.feature:3&amp#27;[0m
&amp#27;[34m2024-06-04 17:51:46&amp#27;[0;39m &amp#27;[33m[main]&amp#27;[0;39m [&amp#27;[34mINFO&amp#27;[0;39m] &amp#27;[36mi.g.b.w.WebDriverManager&amp#27;[0;39m   Using chromedriver 125.0.6422.141 (resolved driver for Chrome 125)
&amp#27;[34m2024-06-04 17:51:46&amp#27;[0;39m &amp#27;[33m[main]&amp#27;[0;39m [&amp#27;[34mINFO&amp#27;[0;39m] &amp#27;[36mi.g.b.w.WebDriverManager&amp#27;[0;39m   Exporting webdriver.chrome.driver as C:\New projects\das-teach-in-further-education-acceptance-tests\browser\chromedriver\win64\125.0.6422.141\chromedriver.exe
  &amp#27;[32mGiven &amp#27;[0m&amp#27;[32mthe user navigates to the &amp#27;[0m&amp#27;[32m&amp#27;[1m"FIND_SCHEMES"&amp#27;[0m&amp#27;[32m page&amp#27;[0m &amp#27;[90m# sfa.das.StepDefinitions.theUserNavigatesToThePage(java.lang.String)&amp#27;[0m
&amp#27;[34m2024-06-04 17:51:50&amp#27;[0;39m &amp#27;[33m[main]&amp#27;[0;39m [&amp#27;[34mINFO&amp#27;[0;39m] &amp#27;[36ms.d.StepDefinitions&amp#27;[0;39m   numberOfSchemes : Number of schemes: 10
Compare these schemes in a table
Sort by:
                                    No sort selected
                                    Popularity (most popular first)
                                    Duration (shortest first)
                                    Cost (cheapest first)
                                 Apprenticeships
Apprenticeships are available for individuals over the age of 16 and combines on the job training with study. You can offer this opportunity to new or current staff members. 
Apprenticeships are available up to a university degree level and can be completed in a range of sectors. 
Benefits for your business
If you offer an apprenticeship, you can: 
introduce fresh talent and ideas to your business by recruiting new staff and upskilling current staff 
align training to your business needs 
boost staff loyalty and motivation 
Cost
You must pay the apprentice minimum wage and you may need to contribute to training costs. 
Duration
Apprenticeships can last between 12 months and 5 years and starts when the apprentice signs their apprenticeship agreement.
Find out more about apprenticeships
T Levels: industry placements
T Levels are for learners aged 16 to 19 in England who have finished their GCSEs. T Levels combine classroom learning with an industry placement. 
Host an industry placement and support young people to get ready for the workplace. 
Benefits for your business
If you host an industry placement, you can:
build a talent pipeline for junior positions, apprenticeships and internships 
give your existing staff the opportunity to gain management and mentoring skills  
train a young person with the skills your business needs
Cost
This is a free government scheme, but you may have costs depending on the industry placement you host. Some costs may be reimbursed through the employer support fund. 
Duration
As part of their course, every T Level student must complete an industry placement that lasts a minimum of 315 hours. You can work with another employer to host industry placements.
Find out more about T Levels and industry placements
Skills Bootcamps
Skills Bootcamps are flexible training courses for adults aged 19 or over, and are available in a range of sectors such as digital, engineering or green skills. They can help you upskill your existing workforce or recruit new talent.   
Skills Bootcamps are developed and delivered in partnership with your business and can be offered full or part-time. 
Benefits for your business
Skills Bootcamps can help you to: 
quickly recruit and upskill staff with the right training and skills   
reduce costs associated with traditional recruitment processes    
boost productivity with motivated learners who can bring in fresh ideas and perspectives
Cost
You can recruit Skills Bootcamps graduates at no cost to your business. If you are training your current employees, you will need to make a training cost contribution of 10% or 30%, depending on your business size.
Duration
Skills Bootcamps can last up to 16 weeks.
Find out more about Skills Bootcamps
Multiply
Multiply is a free maths course for your employees who are aged 19 and over and is delivered by local Multiply providers.
Benefits for your business
Multiply courses can: 
increase employee confidence with numbers and encourage them to use their numeracy skills at work
reduce numeracy related mistakes at work, boost productivity, increase profits and improve employee retention  
motivate employees to pursue different forms of training that may benefit the business in the future
Cost
Multiply is a free government scheme.
Duration
Courses range from hourly sessions to full certification programs. They can be delivered flexibly in person, online, in the workplace, in the evening, part time or intensively. 
Find out more about Multiply
Higher Technical Qualifications (HTQs)
Higher Technical Qualifications (HTQs) are high-quality and job focused level 4 and level 5 qualifications, such as Foundation Degrees, Higher National Certificates and Higher National Diplomas.  
HTQs have been independently tested against standards developed by employers. To become an HTQ and display the HTQ quality mark, qualifications must be approved against these standards. 
Benefits for your business
You can offer a HTQ to your existing employees or hire skilled individuals that already have HTQs.  
This can: 
support your employees to retrain, improve their existing skills and learn new skills  
create an environment that promotes learning and development  
make your business more competitive and address skills shortages 
Cost
HTQs are eligible for the same student finance offer as a degree, but you can choose to pay for HTQs for your current employees. 
Duration
HTQs offer flexibility as they can range from 1 to 2 years full-time study, with part-time and distance learning options also available. 
Most HTQs do not require a work placement except when this is mandated by the professional and statutory regulatory requirements.
Find out more about HTQs
Free courses and additional free training
Upskill your current employees with free courses or training. There are a range of free courses available, including:
essential digital skills, up to and including level 1 
English and/or maths, up to and including level 2 
English for Speakers of Other Languages (ESOL), up to, and including level 2 
level 3 courses for jobs, ranging from engineering to health and social care
Benefits for your business
By offering your staff free courses or additional free training, you can:   
promote learning culture and upskill your employees in their current role or support them to progress into higher skilled roles  
improve numeracy, language and digital skills in the workplace  
increase productivity and workforce development  
Cost
Essential digital skills (up to and including level 1) and English and/or maths (up to and including level 2) is fully government funded and there is no cost for you. 
ESOL or Level 3 courses can be fully or co-funded by the provider or the learner.  
There is no expectation for you to pay towards ESOL or Level 3 courses qualifications for your employees. However, you can voluntarily choose to pay towards them.
Duration
The duration can vary depending on the course subject, level or type. 
Find out more about free courses and additional free training
Care Leaver Covenant
The Care Leaver Covenant is a voluntary scheme that supports care leavers aged 16 to 25, who left care after their 16th birthday. You can pledge your support for the covenant and offer care leavers:
paid employment, such as apprenticeships or internships  
mentorships, taster sessions or interview support  
discounted or free goods and services
Benefits for your business
If you offer support to care leavers, you can:   
access a talent pool of young people who can help grow your business and fill skill gaps   
contribute to your company’s social responsibility and diversity and inclusion activity   
work with care leavers who are building independence, resilience and adaptability  
Cost
You may have costs based on what you offer and your organisation size.
Duration
The duration will depend on what you offer.   
Find out more about the Care Leaver Covenant
Supported internships for learners with an education, health and care plan
Supported internships combine studying with a work placement. They are available for young people, aged 16 to 24, with Special Educational Needs and Disabilities (SEND), who have an an education, health and care (EHC) plan. 
Host placements in your workplace and support young people with SEND.  
Benefits for your business
If you host a work placement, you can: 
shape a job role for the needs of your business and the supported intern 
save on recruitment costs and improve recruitment prospects if you hire the intern at the end of the programme 
increase your confidence of employing individuals with additional needs and diversify your workforce
Cost
A supported internship is a free government scheme, but you may have your own business costs, for example time spent training. 
You can choose to pay the intern or cover their expenses, but this is not a requirement.
Duration
 A work placement can range from 6 to 12 months. 
Find out more about supported internships and work placements
Sector-based Work Academy Programme (SWAP)
A sector-based work academy programme (SWAP) offers jobseekers the opportunity to train and work with your business. You can offer a SWAP to individuals 16 and over who are claiming benefits. 
The programme includes pre-employment training, a short work placement, and a job interview or help with the application process.  
Benefits for your business
If you offer a SWAP, you can:
recruit staff with the right skills  
meet immediate and future recruitment needs  
access a large pool of candidates  
Cost
This programme is free, but you may have business costs, such as time spent training. 
Duration
A SWAP can last up to 6 weeks.
Find out more about SWAPs
Employing prisoners and prison leavers
Work with New Futures Network and provide job opportunities to serving prisoners and prison leavers aged 18 and over.
Benefits for your business
If you work with New Futures Network, you can: 
help fill vacancies and address skill shortages  
access a motivated and diverse talent pool with individuals that have a range of life experiences 
have a positive social impact 
Cost
You do not have to pay to work with New Futures Network. If you offer employment, you must pay at least the national minimum wage. You may have your own business costs, such as time spent training.
Duration
Recruitment timescales depend on a variety of factors, such as getting right to work documentation. New Futures Network will work with you to consider your needs.
Find out more about employing prisoners and prison leavers
&amp#27;[34m2024-06-04 17:51:55&amp#27;[0;39m &amp#27;[33m[main]&amp#27;[0;39m [&amp#27;[34mINFO&amp#27;[0;39m] &amp#27;[36ms.d.StepDefinitions&amp#27;[0;39m   [true, true, true, true, true, true, true, true]
&amp#27;[34m2024-06-04 17:51:55&amp#27;[0;39m &amp#27;[33m[main]&amp#27;[0;39m [&amp#27;[34mINFO&amp#27;[0;39m] &amp#27;[36ms.d.StepDefinitions&amp#27;[0;39m   expected [Find out more about apprenticeships, Find out more about Skills Bootcamps, Find out more about the Care Leaver Covenant, Find out more about employing prisoners and prison leavers, Find out more about T Levels and industry placements, Find out more about SWAPs, Find out more about supported internships and work placements, Find out more about free courses and additional free training, Find out more about Multiply, Find out more about HTQs]
&amp#27;[34m2024-06-04 17:52:01&amp#27;[0;39m &amp#27;[33m[main]&amp#27;[0;39m [&amp#27;[34mINFO&amp#27;[0;39m] &amp#27;[36ms.d.StepDefinitions&amp#27;[0;39m   [true, true, true, true, true, true, true, false]
&amp#27;[34m2024-06-04 17:52:01&amp#27;[0;39m &amp#27;[33m[main]&amp#27;[0;39m [&amp#27;[34mINFO&amp#27;[0;39m] &amp#27;[36ms.d.StepDefinitions&amp#27;[0;39m   expected [Find out more about the Care Leaver Covenant, Find out more about employing prisoners and prison leavers, Find out more about T Levels and industry placements, Find out more about SWAPs, Find out more about supported internships and work placements, Find out more about free courses and additional free training, Find out more about Multiply]
&amp#27;[34m2024-06-04 17:52:07&amp#27;[0;39m &amp#27;[33m[main]&amp#27;[0;39m [&amp#27;[34mINFO&amp#27;[0;39m] &amp#27;[36ms.d.StepDefinitions&amp#27;[0;39m   [true, true, true, true, true, true, false, true]
&amp#27;[34m2024-06-04 17:52:07&amp#27;[0;39m &amp#27;[33m[main]&amp#27;[0;39m [&amp#27;[34mINFO&amp#27;[0;39m] &amp#27;[36ms.d.StepDefinitions&amp#27;[0;39m   expected [Find out more about apprenticeships, Find out more about Skills Bootcamps, Find out more about HTQs]
&amp#27;[34m2024-06-04 17:52:12&amp#27;[0;39m &amp#27;[33m[main]&amp#27;[0;39m [&amp#27;[34mINFO&amp#27;[0;39m] &amp#27;[36ms.d.StepDefinitions&amp#27;[0;39m   [true, true, true, true, true, true, false, false]
[...]
&amp#27;[34m2024-06-04 18:04:27&amp#27;[0;39m &amp#27;[33m[main]&amp#27;[0;39m [&amp#27;[34mINFO&amp#27;[0;39m] &amp#27;[36ms.d.StepDefinitions&amp#27;[0;39m   expected [Find out more about Skills Bootcamps, Find out more about free courses and additional free training, Find out more about Multiply, Find out more about T Levels and industry placements, Find out more about SWAPs]
&amp#27;[34m2024-06-04 18:04:32&amp#27;[0;39m &amp#27;[33m[main]&amp#27;[0;39m [&amp#27;[34mINFO&amp#27;[0;39m] &amp#27;[36ms.d.StepDefinitions&amp#27;[0;39m   [false, true, true, true, false, false, true, false]
&amp#27;[34m2024-06-04 18:04:32&amp#27;[0;39m &amp#27;[33m[main]&amp#27;[0;39m [&amp#27;[34mINFO&amp#27;[0;39m] &amp#27;[36ms.d.StepDefinitions&amp#27;[0;39m   expected [Find out more about free courses and additional free training, Find out more about Multiply, Find out more about T Levels and industry placements, Find out more about SWAPs]
&amp#27;[34m2024-06-04 18:04:37&amp#27;[0;39m &amp#27;[33m[main]&amp#27;[0;39m [&amp#27;[34mINFO&amp#27;[0;39m] &amp#27;[36ms.d.StepDefinitions&amp#27;[0;39m   [false, true, true, true, false, false, false, true]
&amp#27;[34m2024-06-04 18:04:37&amp#27;[0;39m &amp#27;[33m[main]&amp#27;[0;39m [&amp#27;[34mINFO&amp#27;[0;39m] &amp#27;[36ms.d.StepDefinitions&amp#27;[0;39m   expected [Find out more about Skills Bootcamps]
&amp#27;[34m2024-06-04 18:04:42&amp#27;[0;39m &amp#27;[33m[main]&amp#27;[0;39m [&amp#27;[34mINFO&amp#27;[0;39m] &amp#27;[36ms.d.StepDefinitions&amp#27;[0;39m   [false, true, true, true, false, false, false, false]
&amp#27;[34m2024-06-04 18:04:42&amp#27;[0;39m &amp#27;[33m[main]&amp#27;[0;39m [&amp#27;[34mINFO&amp#27;[0;39m] &amp#27;[36ms.d.StepDefinitions&amp#27;[0;39m   expected [Find out more about Skills Bootcamps, Find out more about free courses and additional free training, Find out more about Multiply, Find out more about T Levels and industry placements, Find out more about SWAPs]
&amp#27;[34m2024-06-04 18:04:48&amp#27;[0;39m &amp#27;[33m[main]&amp#27;[0;39m [&amp#27;[34mINFO&amp#27;[0;39m] &amp#27;[36ms.d.StepDefinitions&amp#27;[0;39m   [false, true, true, false, true, true, true, true]
&amp#27;[34m2024-06-04 18:04:48&amp#27;[0;39m &amp#27;[33m[main]&amp#27;[0;39m [&amp#27;[34mINFO&amp#27;[0;39m] &amp#27;[36ms.d.StepDefinitions&amp#27;[0;39m   expected [Find out more about apprenticeships, Find out more about free courses and additional free training, Find out more about Multiply, Find out more about HTQs, Find out more about supported internships and work placements]
&amp#27;[34m2024-06-04 18:04:54&amp#27;[0;39m &amp#27;[33m[main]&amp#27;[0;39m [&amp#27;[34mINFO&amp#27;[0;39m] &amp#27;[36ms.d.StepDefinitions&amp#27;[0;39m   [false, true, true, false, true, true, true, false]
&amp#27;[34m2024-06-04 18:04:54&amp#27;[0;39m &amp#27;[33m[main]&amp#27;[0;39m [&amp#27;[34mINFO&amp#27;[0;39m] &amp#27;[36ms.d.StepDefinitions&amp#27;[0;39m   expected [Find out more about free courses and additional free training, Find out more about Multiply, Find out more about supported internships and work placements]
&amp#27;[34m2024-06-04 18:04:59&amp#27;[0;39m &amp#27;[33m[main]&amp#27;[0;39m [&amp#27;[34mINFO&amp#27;[0;39m] &amp#27;[36ms.d.StepDefinitions&amp#27;[0;39m   [false, true, true, false, true, true, false, true]
&amp#27;[34m2024-06-04 18:04:59&amp#27;[0;39m &amp#27;[33m[main]&amp#27;[0;39m [&amp#27;[34mINFO&amp#27;[0;39m] &amp#27;[36ms.d.StepDefinitions&amp#27;[0;39m   expected [Find out more about apprenticeships, Find out more about HTQs]
&amp#27;[34m2024-06-04 18:05:04&amp#27;[0;39m &amp#27;[33m[main]&amp#27;[0;39m [&amp#27;[34mINFO&amp#27;[0;39m] &amp#27;[36ms.d.StepDefinitions&amp#27;[0;39m   [false, true, true, false, true, true, false, false]
&amp#27;[34m2024-06-04 18:05:04&amp#27;[0;39m &amp#27;[33m[main]&amp#27;[0;39m [&amp#27;[34mINFO&amp#27;[0;39m] &amp#27;[36ms.d.StepDefinitions&amp#27;[0;39m   expected [Find out more about apprenticeships, Find out more about free courses and additional free training, Find out more about Multiply, Find out more about HTQs, Find out more about supported internships and work placements]
&amp#27;[34m2024-06-04 18:05:09&amp#27;[0;39m &amp#27;[33m[main]&amp#27;[0;39m [&amp#27;[34mINFO&amp#27;[0;39m] &amp#27;[36ms.d.StepDefinitions&amp#27;[0;39m   [false, true, true, false, true, false, true, true]
&amp#27;[34m2024-06-04 18:05:09&amp#27;[0;39m &amp#27;[33m[main]&amp#27;[0;39m [&amp#27;[34mINFO&amp#27;[0;39m] &amp#27;[36ms.d.StepDefinitions&amp#27;[0;39m   expected [Find out more about free courses and additional free training, Find out more about Multiply, Find out more about supported internships and work placements]
&amp#27;[34m2024-06-04 18:05:15&amp#27;[0;39m &amp#27;[33m[main]&amp#27;[0;39m [&amp#27;[34mINFO&amp#27;[0;39m] &amp#27;[36ms.d.StepDefinitions&amp#27;[0;39m   [false, true, true, false, true, false, true, false]
&amp#27;[34m2024-06-04 18:05:15&amp#27;[0;39m &amp#27;[33m[main]&amp#27;[0;39m [&amp#27;[34mINFO&amp#27;[0;39m] &amp#27;[36ms.d.StepDefinitions&amp#27;[0;39m   expected [Find out more about free courses and additional free training, Find out more about Multiply, Find out more about supported internships and work placements]
&amp#27;[34m2024-06-04 18:05:20&amp#27;[0;39m &amp#27;[33m[main]&amp#27;[0;39m [&amp#27;[34mINFO&amp#27;[0;39m] &amp#27;[36ms.d.StepDefinitions&amp#27;[0;39m   [false, true, true, false, true, false, false, true]
&amp#27;[34m2024-06-04 18:05:20&amp#27;[0;39m &amp#27;[33m[main]&amp#27;[0;39m [&amp#27;[34mINFO&amp#27;[0;39m] &amp#27;[36ms.d.StepDefinitions&amp#27;[0;39m   expected [clear all filters]
&amp#27;[34m2024-06-04 18:05:25&amp#27;[0;39m &amp#27;[33m[main]&amp#27;[0;39m [&amp#27;[34mINFO&amp#27;[0;39m] &amp#27;[36ms.d.StepDefinitions&amp#27;[0;39m   [false, true, true, false, true, false, false, false]
&amp#27;[34m2024-06-04 18:05:25&amp#27;[0;39m &amp#27;[33m[main]&amp#27;[0;39m [&amp#27;[34mINFO&amp#27;[0;39m] &amp#27;[36ms.d.StepDefinitions&amp#27;[0;39m   expected [Find out more about free courses and additional free training, Find out more about Multiply, Find out more about supported internships and work placements]
&amp#27;[34m2024-06-04 18:05:31&amp#27;[0;39m &amp#27;[33m[main]&amp#27;[0;39m [&amp#27;[34mINFO&amp#27;[0;39m] &amp#27;[36ms.d.StepDefinitions&amp#27;[0;39m   [false, true, true, false, false, true, true, true]
&amp#27;[34m2024-06-04 18:05:31&amp#27;[0;39m &amp#27;[33m[main]&amp#27;[0;39m [&amp#27;[34mINFO&amp#27;[0;39m] &amp#27;[36ms.d.StepDefinitions&amp#27;[0;39m   expected [Find out more about apprenticeships, Find out more about free courses and additional free training, Find out more about Multiply, Find out more about HTQs]
  &amp#27;[31mThen &amp#27;[0m&amp#27;[31mfilter reports the correct data&amp#27;[0m                &amp#27;[90m# sfa.das.StepDefinitions.filterReportsTheCorrectData()&amp#27;[0m
      &amp#27;[31morg.openqa.selenium.ElementClickInterceptedException: element click intercepted: Element <input class="govuk-checkboxes__input" id="cost--free" name="FilterAspects" type="checkbox" value="cost--free"> is not clickable at point (460, 903). Other element would receive the click: <div id="scheme-filter-options" class="das-filter__body">...</div>
  (Session info: chrome=125.0.6422.78)
Build info: version: '4.17.0', revision: 'e52b1be057*'
System info: os.name: 'Windows 10', os.arch: 'amd64', os.version: '10.0', java.version: '22.0.1'
Driver info: org.openqa.selenium.chrome.ChromeDriver
Command: [3af23a5c9340cd2e5bf3268c4eabae53, clickElement {id=f.20F769A1FC06129F49738472A727F9B2.d.2D4D38290B478247F6B3CBF620703CCF.e.10636}]
Capabilities {acceptInsecureCerts: false, browserName: chrome, browserVersion: 125.0.6422.78, chrome: {chromedriverVersion: 125.0.6422.141 (4b1e8393712..., userDataDir: C:\Users\manoj\AppData\Loca...}, fedcm:accounts: true, goog:chromeOptions: {debuggerAddress: localhost:18423}, networkConnectionEnabled: false, pageLoadStrategy: normal, platformName: windows, proxy: Proxy(), se:cdp: ws://localhost:18423/devtoo..., se:cdpVersion: 125.0.6422.78, setWindowRect: true, strictFileInteractability: false, timeouts: {implicit: 0, pageLoad: 300000, script: 30000}, unhandledPromptBehavior: dismiss and notify, webauthn:extension:credBlob: true, webauthn:extension:largeBlob: true, webauthn:extension:minPinLength: true, webauthn:extension:prf: true, webauthn:virtualAuthenticators: true}
Element: [[ChromeDriver: chrome on windows (3af23a5c9340cd2e5bf3268c4eabae53)] -> id: cost--free]
Session ID: 3af23a5c9340cd2e5bf3268c4eabae53
	at java.base/jdk.internal.reflect.DirectConstructorHandleAccessor.newInstance(DirectConstructorHandleAccessor.java:62)
	at java.base/java.lang.reflect.Constructor.newInstanceWithCaller(Constructor.java:502)
	at java.base/java.lang.reflect.Constructor.newInstance(Constructor.java:486)
	at org.openqa.selenium.remote.codec.w3c.W3CHttpResponseCodec.createException(W3CHttpResponseCodec.java:185)
	at org.openqa.selenium.remote.codec.w3c.W3CHttpResponseCodec.decode(W3CHttpResponseCodec.java:134)
	at org.openqa.selenium.remote.codec.w3c.W3CHttpResponseCodec.decode(W3CHttpResponseCodec.java:51)
	at org.openqa.selenium.remote.HttpCommandExecutor.execute(HttpCommandExecutor.java:190)
	at org.openqa.selenium.remote.service.DriverCommandExecutor.invokeExecute(DriverCommandExecutor.java:216)
	at org.openqa.selenium.remote.service.DriverCommandExecutor.execute(DriverCommandExecutor.java:174)
	at org.openqa.selenium.remote.RemoteWebDriver.execute(RemoteWebDriver.java:519)
	at org.openqa.selenium.remote.RemoteWebElement.execute(RemoteWebElement.java:223)
	at org.openqa.selenium.remote.RemoteWebElement.click(RemoteWebElement.java:76)
	at sfa.das.StepDefinitions.checkboxCombo(StepDefinitions.java:1328)
	at sfa.das.StepDefinitions.filterReportsTheCorrectData(StepDefinitions.java:1270)
	at ✽.filter reports the correct data(classpath:features/sfa/das/filter.feature:5)
&amp#27;[0m
&amp#27;[34m2024-06-04 18:05:37&amp#27;[0;39m &amp#27;[33m[main]&amp#27;[0;39m [&amp#27;[1;31mERROR&amp#27;[0;39m] &amp#27;[36ms.d.StepDefinitions&amp#27;[0;39m   ++++ Scenario 'Confirm filter on the FIND_SCHEMES page': FAILED ++++
]]></system-out>
    <system-err><![CDATA[Jun 04, 2024 5:51:47 PM org.openqa.selenium.devtools.CdpVersionFinder findNearestMatch
WARNING: Unable to find an exact match for CDP version 125, returning the closest version; found: 121; Please update to a Selenium version that supports CDP version 125
]]></system-err>
  </testcase>
  <testcase name="Confirm  anchors on the HOME page #1" classname="Find schemes for your business - check Home page anchors" time="8.702">
    <failure message="anchors list should be the same expected:&lt;[Get career ideas and browse your training options, Find training and employment schemes, Get business finance and support, Guidance on employing people, Employ someone: step by step, Employer standards for careers education]&gt; but was:&lt;[Get career ideas and browse your training options, Find training and employment schemes, Get business finance and support, Guidance on employing people, Employ someone: step by step, Help to scale-up and grow your business, Learn how to sell your products or services overseas, The Intermediary Ambassador Network, Employer standards for careers education]&gt;" type="java.lang.AssertionError"><![CDATA[java.lang.AssertionError: anchors list should be the same expected:<[Get career ideas and browse your training options, Find training and employment schemes, Get business finance and support, Guidance on employing people, Employ someone: step by step, Employer standards for careers education]> but was:<[Get career ideas and browse your training options, Find training and employment schemes, Get business finance and support, Guidance on employing people, Employ someone: step by step, Help to scale-up and grow your business, Learn how to sell your products or services overseas, The Intermediary Ambassador Network, Employer standards for careers education]>
	at org.junit.Assert.fail(Assert.java:89)
	at org.junit.Assert.failNotEquals(Assert.java:835)
	at org.junit.Assert.assertEquals(Assert.java:120)
	at sfa.das.StepDefinitions.confirmActualAnchors(StepDefinitions.java:1074)
	at sfa.das.StepDefinitions.compareAndClickAnchors(StepDefinitions.java:944)
	at sfa.das.StepDefinitions.confirmPageAnchorsLite(StepDefinitions.java:930)
	at sfa.das.StepDefinitions.allHOMEAnchorsLinkToTheCorrectPages(StepDefinitions.java:780)
	at ✽.all HOME anchors link to the correct pages(classpath:features/sfa/das/home.feature:6)
]]></failure>
    <system-out><![CDATA[
Scenario: Confirm  anchors on the HOME page       &amp#27;[90m# features/sfa/das/home.feature:4&amp#27;[0m
&amp#27;[34m2024-06-04 18:05:38&amp#27;[0;39m &amp#27;[33m[main]&amp#27;[0;39m [&amp#27;[34mINFO&amp#27;[0;39m] &amp#27;[36mi.g.b.w.WebDriverManager&amp#27;[0;39m   Using chromedriver 125.0.6422.141 (resolved driver for Chrome 125)
&amp#27;[34m2024-06-04 18:05:38&amp#27;[0;39m &amp#27;[33m[main]&amp#27;[0;39m [&amp#27;[34mINFO&amp#27;[0;39m] &amp#27;[36mi.g.b.w.WebDriverManager&amp#27;[0;39m   Exporting webdriver.chrome.driver as C:\New projects\das-teach-in-further-education-acceptance-tests\browser\chromedriver\win64\125.0.6422.141\chromedriver.exe
  &amp#27;[32mGiven &amp#27;[0m&amp#27;[32mthe user navigates to the &amp#27;[0m&amp#27;[32m&amp#27;[1m"HOME"&amp#27;[0m&amp#27;[32m page&amp#27;[0m     &amp#27;[90m# sfa.das.StepDefinitions.theUserNavigatesToThePage(java.lang.String)&amp#27;[0m
  &amp#27;[31mThen &amp#27;[0m&amp#27;[31mall HOME anchors link to the correct pages&amp#27;[0m &amp#27;[90m# sfa.das.StepDefinitions.allHOMEAnchorsLinkToTheCorrectPages()&amp#27;[0m
      &amp#27;[31mjava.lang.AssertionError: anchors list should be the same expected:<[Get career ideas and browse your training options, Find training and employment schemes, Get business finance and support, Guidance on employing people, Employ someone: step by step, Employer standards for careers education]> but was:<[Get career ideas and browse your training options, Find training and employment schemes, Get business finance and support, Guidance on employing people, Employ someone: step by step, Help to scale-up and grow your business, Learn how to sell your products or services overseas, The Intermediary Ambassador Network, Employer standards for careers education]>
	at org.junit.Assert.fail(Assert.java:89)
	at org.junit.Assert.failNotEquals(Assert.java:835)
	at org.junit.Assert.assertEquals(Assert.java:120)
	at sfa.das.StepDefinitions.confirmActualAnchors(StepDefinitions.java:1074)
	at sfa.das.StepDefinitions.compareAndClickAnchors(StepDefinitions.java:944)
	at sfa.das.StepDefinitions.confirmPageAnchorsLite(StepDefinitions.java:930)
	at sfa.das.StepDefinitions.allHOMEAnchorsLinkToTheCorrectPages(StepDefinitions.java:780)
	at ✽.all HOME anchors link to the correct pages(classpath:features/sfa/das/home.feature:6)
&amp#27;[0m
&amp#27;[34m2024-06-04 18:05:46&amp#27;[0;39m &amp#27;[33m[main]&amp#27;[0;39m [&amp#27;[1;31mERROR&amp#27;[0;39m] &amp#27;[36ms.d.StepDefinitions&amp#27;[0;39m   ++++ Scenario 'Confirm  anchors on the HOME page': FAILED ++++
]]></system-out>
    <system-err><![CDATA[Jun 04, 2024 6:05:39 PM org.openqa.selenium.devtools.CdpVersionFinder findNearestMatch
WARNING: Unable to find an exact match for CDP version 125, returning the closest version; found: 121; Please update to a Selenium version that supports CDP version 125
]]></system-err>
  </testcase>
  <testcase name="Confirm  anchors on the HOME page #2" classname="Find schemes for your business - check Home page anchors" time="8.353">
    <system-out><![CDATA[
Scenario: Confirm  anchors on the HOME page                                       &amp#27;[90m# features/sfa/das/home.feature:8&amp#27;[0m
&amp#27;[34m2024-06-04 18:05:47&amp#27;[0;39m &amp#27;[33m[main]&amp#27;[0;39m [&amp#27;[34mINFO&amp#27;[0;39m] &amp#27;[36mi.g.b.w.WebDriverManager&amp#27;[0;39m   Using chromedriver 125.0.6422.141 (resolved driver for Chrome 125)
&amp#27;[34m2024-06-04 18:05:47&amp#27;[0;39m &amp#27;[33m[main]&amp#27;[0;39m [&amp#27;[34mINFO&amp#27;[0;39m] &amp#27;[36mi.g.b.w.WebDriverManager&amp#27;[0;39m   Exporting webdriver.chrome.driver as C:\New projects\das-teach-in-further-education-acceptance-tests\browser\chromedriver\win64\125.0.6422.141\chromedriver.exe
  &amp#27;[32mGiven &amp#27;[0m&amp#27;[32mthe user navigates to the &amp#27;[0m&amp#27;[32m&amp#27;[1m"Employer standards for careers education"&amp#27;[0m&amp#27;[32m page&amp#27;[0m &amp#27;[90m# sfa.das.StepDefinitions.theUserNavigatesToThePage(java.lang.String)&amp#27;[0m
&amp#27;[34m2024-06-04 18:05:54&amp#27;[0;39m &amp#27;[33m[main]&amp#27;[0;39m [&amp#27;[34mINFO&amp#27;[0;39m] &amp#27;[36ms.d.StepDefinitions&amp#27;[0;39m   link the Employer Standards is a new, free framework and digital tool
&amp#27;[34m2024-06-04 18:05:55&amp#27;[0;39m &amp#27;[33m[main]&amp#27;[0;39m [&amp#27;[34mINFO&amp#27;[0;39m] &amp#27;[36ms.d.StepDefinitions&amp#27;[0;39m   link Take the free self-assessment
  &amp#27;[32mThen &amp#27;[0m&amp#27;[32mall EMPLOYER_STANDARDS anchors link to the correct pages&amp#27;[0m                   &amp#27;[90m# sfa.das.StepDefinitions.allEMPLOYER_STANDARDSAnchorsLinkToTheCorrectPages()&amp#27;[0m
&amp#27;[34m2024-06-04 18:05:55&amp#27;[0;39m &amp#27;[33m[main]&amp#27;[0;39m [&amp#27;[34mINFO&amp#27;[0;39m] &amp#27;[36ms.d.StepDefinitions&amp#27;[0;39m   ++++ Scenario 'Confirm  anchors on the HOME page': PASSED ++++
]]></system-out>
    <system-err><![CDATA[Jun 04, 2024 6:05:48 PM org.openqa.selenium.devtools.CdpVersionFinder findNearestMatch
WARNING: Unable to find an exact match for CDP version 125, returning the closest version; found: 121; Please update to a Selenium version that supports CDP version 125
]]></system-err>
  </testcase>
  <testcase name="Schemes are sorted base on No Sort, Popularity, Duration and Cost" classname="Find schemes for your business - sorting schemes" time="46.618">
    <system-out><![CDATA[
Scenario: Schemes are sorted base on No Sort, Popularity, Duration and Cost &amp#27;[90m# features/sfa/das/sort.feature:3&amp#27;[0m
&amp#27;[34m2024-06-04 18:05:55&amp#27;[0;39m &amp#27;[33m[main]&amp#27;[0;39m [&amp#27;[34mINFO&amp#27;[0;39m] &amp#27;[36mi.g.b.w.WebDriverManager&amp#27;[0;39m   Using chromedriver 125.0.6422.141 (resolved driver for Chrome 125)
&amp#27;[34m2024-06-04 18:05:55&amp#27;[0;39m &amp#27;[33m[main]&amp#27;[0;39m [&amp#27;[34mINFO&amp#27;[0;39m] &amp#27;[36mi.g.b.w.WebDriverManager&amp#27;[0;39m   Exporting webdriver.chrome.driver as C:\New projects\das-teach-in-further-education-acceptance-tests\browser\chromedriver\win64\125.0.6422.141\chromedriver.exe
  &amp#27;[32mGiven &amp#27;[0m&amp#27;[32mthe user navigates to the &amp#27;[0m&amp#27;[32m&amp#27;[1m"FIND_SCHEMES"&amp#27;[0m&amp#27;[32m page&amp#27;[0m                       &amp#27;[90m# sfa.das.StepDefinitions.theUserNavigatesToThePage(java.lang.String)&amp#27;[0m
  &amp#27;[32mThen &amp#27;[0m&amp#27;[32mschemes are correctly sorted based on the chosen sort&amp#27;[0m                &amp#27;[90m# sfa.das.StepDefinitions.schemesAreCorrectlySortedBasedOnTheChosenSort()&amp#27;[0m
&amp#27;[34m2024-06-04 18:06:41&amp#27;[0;39m &amp#27;[33m[main]&amp#27;[0;39m [&amp#27;[34mINFO&amp#27;[0;39m] &amp#27;[36ms.d.StepDefinitions&amp#27;[0;39m   ++++ Scenario 'Schemes are sorted base on No Sort, Popularity, Duration and Cost': PASSED ++++
]]></system-out>
    <system-err><![CDATA[Jun 04, 2024 6:05:56 PM org.openqa.selenium.devtools.CdpVersionFinder findNearestMatch
WARNING: Unable to find an exact match for CDP version 125, returning the closest version; found: 121; Please update to a Selenium version that supports CDP version 125
]]></system-err>
  </testcase>
</testsuite>