<?xml version="1.0" encoding="UTF-8"?>
<testsuite name="Cucumber" time="51.291" tests="18" skipped="0" failures="0" errors="0">
<testcase classname="Teach in Further Education - Check Home page anchors" name="Verify User is able to launch website" time="5.059">
<system-out><![CDATA[
Given the user navigates to the "HOME" page.................................passed
Then User should be redirected to Home Page.................................passed
]]></system-out>
</testcase>
<testcase classname="Teach in Further Education - Check Home page anchors" name="Verify DFE Logo and FE logo in Header" time="3.263">
<system-out><![CDATA[
Given the user navigates to the "HOME" page.................................passed
Then DFE and FE Logo should be displayed in header..........................passed
]]></system-out>
</testcase>
<testcase classname="Teach in Further Education - Check Home page anchors" name="Verify 'Is Teaching Right For Me?' Menu on Home Page" time="3.133">
<system-out><![CDATA[
Given the user navigates to the "HOME" page.................................passed
When user clicks on 'Is Teaching Right For Me?' Menu........................passed
Then user should be navigated to 'Is Teaching Right For Me?' Page...........passed
]]></system-out>
</testcase>
<testcase classname="Teach in Further Education - Check Home page anchors" name="Verify 'Become a FE Teacher' Menu on Home Page" time="2.968">
<system-out><![CDATA[
Given the user navigates to the "HOME" page.................................passed
When user clicks on 'Become a FE Teacher' Menu..............................passed
Then user should be navigated to 'Become a FE Teacher' Page.................passed
]]></system-out>
</testcase>
<testcase classname="Teach in Further Education - Check Home page anchors" name="Verify 'Search for a teaching job' Menu on Home Page" time="2.736">
<system-out><![CDATA[
Given the user navigates to the "HOME" page.................................passed
When user clicks on 'Search for a teaching job' Menu........................passed
Then user should be navigated to 'Search for a teaching job' Page...........passed
]]></system-out>
</testcase>
<testcase classname="Teach in Further Education - Check Home page anchors" name="Verify 'Find Funding And Training' Menu on Home Page" time="2.395">
<system-out><![CDATA[
Given the user navigates to the "HOME" page.................................passed
When user clicks on 'Find Funding And Training' Menu........................passed
Then user should be navigated to 'Find Funding And Training' Page...........passed
]]></system-out>
</testcase>
<testcase classname="Teach in Further Education - Check Home page anchors" name="Verify 'Talk to an adviser' Menu on Home Page" time="2.374">
<system-out><![CDATA[
Given the user navigates to the "HOME" page.................................passed
When user clicks on 'Talk to an adviser' Menu...............................passed
Then user should be navigated to 'Talk to an adviser' Page..................passed
]]></system-out>
</testcase>
<testcase classname="Teach in Further Education - Check Home page anchors" name="Verify 'How To Prepare A Micro Teach' Link on Home Page" time="3.644">
<system-out><![CDATA[
Given the user navigates to the "HOME" page.................................passed
When user clicks on 'How To Prepare A Micro Teach' Link.....................passed
Then user should be navigated to 'How To Prepare A Micro Teach' Page........passed
]]></system-out>
</testcase>
<testcase classname="Teach in Further Education - Check Home page anchors" name="Verify 'Find out more about your funding and training options' Link on Home Page" time="2.545">
<system-out><![CDATA[
Given the user navigates to the "HOME" page.................................passed
When user clicks on 'Find out more about your funding and training options' Link.passed
Then user should be navigated to 'Find out more about your funding and training options' Page.passed
]]></system-out>
</testcase>
<testcase classname="Teach in Further Education - Check Home page anchors" name="Verify Contact Details on Home page" time="2.208">
<system-out><![CDATA[
Given the user navigates to the "HOME" page.................................passed
Then User should be able to see Phone and Email contact details.............passed
]]></system-out>
</testcase>
<testcase classname="Teach in Further Education - Check Home page anchors" name="Verify Tile1 link on the Home page" time="2.175">
<system-out><![CDATA[
Given the user navigates to the "Become a further education (FE) teacher" page.passed
Then user should be navigated to 'Become a further education FE teacher' page.passed
]]></system-out>
</testcase>
<testcase classname="Teach in Further Education - Check Home page anchors" name="Verify Tile2 link on the Home page" time="2.524">
<system-out><![CDATA[
Given the user navigates to the "Is teaching right for me?" page............passed
Then user should be navigated to 'Is teaching right for me?' page...........passed
]]></system-out>
</testcase>
<testcase classname="Teach in Further Education - Check Home page anchors" name="Verify Tile3 link on the Home page" time="3.472">
<system-out><![CDATA[
Given the user navigates to the "Check if you can teach in FE" page.........passed
Then user should be navigated to CheckIfYouCanTeachInFE page................passed
]]></system-out>
</testcase>
<testcase classname="Teach in Further Education - Check Home page anchors" name="Verify Tile4 link on the Home page" time="2.305">
<system-out><![CDATA[
Given the user navigates to the "Find funding and training" page............passed
Then user should be navigated to 'Find funding and training' page...........passed
]]></system-out>
</testcase>
<testcase classname="Teach in Further Education - Check Home page anchors" name="Verify Sign Up feature on Home Page" time="3.007">
<system-out><![CDATA[
Given the user navigates to the "Home" page.................................passed
When user enters email id in email field....................................passed
And user selects subject name in subjects drop down.........................passed
And user selects location in location drop down.............................passed
Then User should be able to submit the form.................................passed
]]></system-out>
</testcase>
<testcase classname="Teach in Further Education - Check Home page anchors" name="Verify Cookies Policy Footer Link on Home Page" time="2.284">
<system-out><![CDATA[
Given the user navigates to the "Home" page.................................passed
When user clicks on Cookies Policy Link.....................................passed
Then user should be navigated to Cookies Policy Page........................passed
]]></system-out>
</testcase>
<testcase classname="Teach in Further Education - Check Home page anchors" name="Verify Accessibility statement Footer Link on Home Page" time="2.485">
<system-out><![CDATA[
Given the user navigates to the "Home" page.................................passed
When user clicks on Accessibility statement Link............................passed
Then user should be navigated to Accessibility statement Page...............passed
]]></system-out>
</testcase>
<testcase classname="Teach in Further Education - Check Home page anchors" name="Verify Privacy Policy Footer Link on Home Page" time="2.228">
<system-out><![CDATA[
Given the user navigates to the "Home" page.................................passed
When user clicks on Privacy Policy Link.....................................passed
Then user should be navigated to Privacy Policy Page........................passed
]]></system-out>
</testcase>
</testsuite>
